Using pre-set license
Built from '2020.2/release' branch; Version is '2020.2.1f1 (270dd8c3da1c) revision 2559448'; Using compiler version '192528614'; Build Type 'Release'
<<<<<<< Updated upstream
<<<<<<< Updated upstream
<<<<<<< Updated upstream
<<<<<<< Updated upstream
OS: 'Windows 10  (10.0.0) 64bit' Language: 'ru' Physical Memory: 16315 MB
BatchMode: 1, IsHumanControllingUs: 0, StartBugReporterOnCrash: 0, Is64bit: 1, IsPro: 0

 COMMAND LINE ARGUMENTS:
D:\Marine\Unity\2020.2.1f1\Editor\Unity.exe
=======
=======
>>>>>>> Stashed changes
=======
>>>>>>> Stashed changes
=======
>>>>>>> Stashed changes
OS: 'Windows 10  (10.0.0) 64bit' Language: 'en' Physical Memory: 8190 MB
BatchMode: 1, IsHumanControllingUs: 0, StartBugReporterOnCrash: 0, Is64bit: 1, IsPro: 0

 COMMAND LINE ARGUMENTS:
C:\Program Files\Unity\Hub\Editor\2020.2.1f1\Editor\Unity.exe
<<<<<<< Updated upstream
<<<<<<< Updated upstream
<<<<<<< Updated upstream
>>>>>>> Stashed changes
=======
>>>>>>> Stashed changes
=======
>>>>>>> Stashed changes
=======
>>>>>>> Stashed changes
-adb2
-batchMode
-noUpm
-name
AssetImportWorker0
-projectPath
<<<<<<< Updated upstream
<<<<<<< Updated upstream
<<<<<<< Updated upstream
<<<<<<< Updated upstream
D:/Marine/UnityPlayground
-logFile
Logs/AssetImportWorker0.log
-srvPort
49806
Successfully changed project path to: D:/Marine/UnityPlayground
D:/Marine/UnityPlayground
Using Asset Import Pipeline V2.
Refreshing native plugins compatible for Editor in 21.85 ms, found 0 plugins.
Preloading 0 native plugins for Editor in 0.00 ms.
Initialize engine version: 2020.2.1f1 (270dd8c3da1c)
[Subsystems] Discovering subsystems at path D:/Marine/Unity/2020.2.1f1/Editor/Data/Resources/UnitySubsystems
[Subsystems] Discovering subsystems at path D:/Marine/UnityPlayground/Assets
GfxDevice: creating device client; threaded=0
Direct3D:
    Version:  Direct3D 11.0 [level 11.1]
    Renderer: NVIDIA GeForce GTX 1070 (ID=0x1b81)
    Vendor:   
    VRAM:     8088 MB
    Driver:   26.21.14.3200
Initialize mono
Mono path[0] = 'D:/Marine/Unity/2020.2.1f1/Editor/Data/Managed'
Mono path[1] = 'D:/Marine/Unity/2020.2.1f1/Editor/Data/MonoBleedingEdge/lib/mono/unityjit'
Mono config path = 'D:/Marine/Unity/2020.2.1f1/Editor/Data/MonoBleedingEdge/etc'
Using monoOptions --debugger-agent=transport=dt_socket,embedding=1,server=y,suspend=n,address=127.0.0.1:56616
Begin MonoManager ReloadAssembly
Registering precompiled unity dll's ...
Register platform support module: D:/Marine/Unity/2020.2.1f1/Editor/Data/PlaybackEngines/WindowsStandaloneSupport/UnityEditor.WindowsStandalone.Extensions.dll
Registered in 0.001299 seconds.
Native extension for WindowsStandalone target not found
Refreshing native plugins compatible for Editor in 21.58 ms, found 0 plugins.
=======
=======
>>>>>>> Stashed changes
=======
>>>>>>> Stashed changes
=======
>>>>>>> Stashed changes
C:/Users/LoveCraft/Documents/GitHub/UnityPlayground
-logFile
Logs/AssetImportWorker0.log
-srvPort
51954
Successfully changed project path to: C:/Users/LoveCraft/Documents/GitHub/UnityPlayground
C:/Users/LoveCraft/Documents/GitHub/UnityPlayground
Using Asset Import Pipeline V2.
Refreshing native plugins compatible for Editor in 80.67 ms, found 0 plugins.
Preloading 0 native plugins for Editor in 0.00 ms.
Initialize engine version: 2020.2.1f1 (270dd8c3da1c)
[Subsystems] Discovering subsystems at path C:/Program Files/Unity/Hub/Editor/2020.2.1f1/Editor/Data/Resources/UnitySubsystems
[Subsystems] Discovering subsystems at path C:/Users/LoveCraft/Documents/GitHub/UnityPlayground/Assets
GfxDevice: creating device client; threaded=0
Direct3D:
    Version:  Direct3D 11.0 [level 11.0]
    Renderer: NVIDIA GeForce GT 430 (ID=0xde1)
    Vendor:   
    VRAM:     979 MB
    Driver:   23.21.13.8813
Initialize mono
Mono path[0] = 'C:/Program Files/Unity/Hub/Editor/2020.2.1f1/Editor/Data/Managed'
Mono path[1] = 'C:/Program Files/Unity/Hub/Editor/2020.2.1f1/Editor/Data/MonoBleedingEdge/lib/mono/unityjit'
Mono config path = 'C:/Program Files/Unity/Hub/Editor/2020.2.1f1/Editor/Data/MonoBleedingEdge/etc'
Using monoOptions --debugger-agent=transport=dt_socket,embedding=1,server=y,suspend=n,address=127.0.0.1:56660
Begin MonoManager ReloadAssembly
Registering precompiled unity dll's ...
Register platform support module: C:/Program Files/Unity/Hub/Editor/2020.2.1f1/Editor/Data/PlaybackEngines/WindowsStandaloneSupport/UnityEditor.WindowsStandalone.Extensions.dll
Registered in 0.015420 seconds.
Native extension for WindowsStandalone target not found
Refreshing native plugins compatible for Editor in 211.39 ms, found 0 plugins.
<<<<<<< Updated upstream
<<<<<<< Updated upstream
<<<<<<< Updated upstream
>>>>>>> Stashed changes
=======
>>>>>>> Stashed changes
=======
>>>>>>> Stashed changes
=======
>>>>>>> Stashed changes
Preloading 0 native plugins for Editor in 0.00 ms.
Invoked RoslynAnalysisRunner static constructor.
RoslynAnalysisRunner will not be running.
RoslynAnalysisRunner has terminated.
Mono: successfully reloaded assembly
<<<<<<< Updated upstream
<<<<<<< Updated upstream
<<<<<<< Updated upstream
<<<<<<< Updated upstream
- Completed reload, in  1.573 seconds
Platform modules already initialized, skipping
Registering precompiled user dll's ...
Registered in 0.000567 seconds.
Begin MonoManager ReloadAssembly
Native extension for WindowsStandalone target not found
Refreshing native plugins compatible for Editor in 0.20 ms, found 0 plugins.
=======
=======
>>>>>>> Stashed changes
=======
>>>>>>> Stashed changes
=======
>>>>>>> Stashed changes
- Completed reload, in 10.557 seconds
Platform modules already initialized, skipping
Registering precompiled user dll's ...
Registered in 0.001746 seconds.
Begin MonoManager ReloadAssembly
Native extension for WindowsStandalone target not found
Refreshing native plugins compatible for Editor in 0.58 ms, found 0 plugins.
<<<<<<< Updated upstream
<<<<<<< Updated upstream
<<<<<<< Updated upstream
>>>>>>> Stashed changes
=======
>>>>>>> Stashed changes
=======
>>>>>>> Stashed changes
=======
>>>>>>> Stashed changes
Preloading 0 native plugins for Editor in 0.00 ms.
Invoked RoslynAnalysisRunner static constructor.
RoslynAnalysisRunner will not be running.
RoslynAnalysisRunner has terminated.
Mono: successfully reloaded assembly
<<<<<<< Updated upstream
<<<<<<< Updated upstream
<<<<<<< Updated upstream
<<<<<<< Updated upstream
- Completed reload, in  0.731 seconds
Platform modules already initialized, skipping
========================================================================
Worker process is ready to serve import requests
Launched and connected shader compiler UnityShaderCompiler.exe after 0.02 seconds
Refreshing native plugins compatible for Editor in 0.22 ms, found 0 plugins.
Preloading 0 native plugins for Editor in 0.00 ms.
Unloading 1094 Unused Serialized files (Serialized files now loaded: 0)
System memory in use before: 56.3 MB.
System memory in use after: 56.4 MB.

Unloading 10 unused Assets to reduce memory usage. Loaded Objects now: 1535.
Total: 2.368900 ms (FindLiveObjects: 0.185800 ms CreateObjectMapping: 0.048100 ms MarkObjects: 2.046100 ms  DeleteObjects: 0.087200 ms)
=======
=======
>>>>>>> Stashed changes
=======
>>>>>>> Stashed changes
=======
>>>>>>> Stashed changes
- Completed reload, in  5.370 seconds
Platform modules already initialized, skipping
========================================================================
Worker process is ready to serve import requests
Launched and connected shader compiler UnityShaderCompiler.exe after 0.11 seconds
Refreshing native plugins compatible for Editor in 0.56 ms, found 0 plugins.
Preloading 0 native plugins for Editor in 0.00 ms.
Unloading 1094 Unused Serialized files (Serialized files now loaded: 0)
System memory in use before: 56.4 MB.
System memory in use after: 56.5 MB.

Unloading 10 unused Assets to reduce memory usage. Loaded Objects now: 1535.
Total: 4.197400 ms (FindLiveObjects: 0.400200 ms CreateObjectMapping: 0.137800 ms MarkObjects: 3.522800 ms  DeleteObjects: 0.134000 ms)

========================================================================
Received Import Request.
  path: Assets/platformer-pack-redux-360-assets/PNG
  artifactKey: Guid(4af17ed91c08ae542b6d567b67109770) Importer(815301076,1909f56bfc062723c751e8b465ee728b)
Start importing Assets/platformer-pack-redux-360-assets/PNG using Guid(4af17ed91c08ae542b6d567b67109770) Importer(815301076,1909f56bfc062723c751e8b465ee728b)  -> (artifact id: '4b71dec150740634b0da6dfb732d81c4') in 0.021227 seconds
  Import took 0.027660 seconds .

========================================================================
Received Import Request.
  Time since last request: 0.001130 seconds.
  path: Assets/platformer-pack-redux-360-assets/PNG/Players/128x256/Blue/alienBlue_stand.png
  artifactKey: Guid(52b57333b0ea15945ba23a944deecaad) Importer(815301076,1909f56bfc062723c751e8b465ee728b)
Start importing Assets/platformer-pack-redux-360-assets/PNG/Players/128x256/Blue/alienBlue_stand.png using Guid(52b57333b0ea15945ba23a944deecaad) Importer(815301076,1909f56bfc062723c751e8b465ee728b)  -> (artifact id: '373e4c7294998dcaea477b86fe56c474') in 1.129075 seconds
  Import took 1.135375 seconds .

========================================================================
Received Import Request.
  Time since last request: 0.000496 seconds.
  path: Assets/platformer-pack-redux-360-assets/PNG/Players/128x256/Blue/alienBlue_jump.png
  artifactKey: Guid(fd2dd1f1058060a4799b38132a97a02c) Importer(815301076,1909f56bfc062723c751e8b465ee728b)
Start importing Assets/platformer-pack-redux-360-assets/PNG/Players/128x256/Blue/alienBlue_jump.png using Guid(fd2dd1f1058060a4799b38132a97a02c) Importer(815301076,1909f56bfc062723c751e8b465ee728b)  -> (artifact id: 'e64e1e162633a023279dbb6063085f73') in 0.050521 seconds
  Import took 0.055714 seconds .

========================================================================
Received Import Request.
  Time since last request: 0.003394 seconds.
  path: Assets/platformer-pack-redux-360-assets/PNG/Players/128x256/Blue/alienBlue_hit.png
  artifactKey: Guid(64ec1b98f48bd5d488e93991fb3f9894) Importer(815301076,1909f56bfc062723c751e8b465ee728b)
Start importing Assets/platformer-pack-redux-360-assets/PNG/Players/128x256/Blue/alienBlue_hit.png using Guid(64ec1b98f48bd5d488e93991fb3f9894) Importer(815301076,1909f56bfc062723c751e8b465ee728b)  -> (artifact id: '4b6da8403d15acbc3bf2d98fce2382c2') in 0.121290 seconds
  Import took 0.127090 seconds .

========================================================================
Received Import Request.
  Time since last request: 0.000359 seconds.
  path: Assets/platformer-pack-redux-360-assets/PNG/Players/128x256/Blue/alienBlue_front.png
  artifactKey: Guid(c3b9812a1a545e84db57dcd4a491ebd1) Importer(815301076,1909f56bfc062723c751e8b465ee728b)
Start importing Assets/platformer-pack-redux-360-assets/PNG/Players/128x256/Blue/alienBlue_front.png using Guid(c3b9812a1a545e84db57dcd4a491ebd1) Importer(815301076,1909f56bfc062723c751e8b465ee728b)  -> (artifact id: 'fa154f53ddd16451f344e5db6899837f') in 0.050309 seconds
  Import took 0.056091 seconds .

========================================================================
Received Import Request.
  Time since last request: 0.000477 seconds.
  path: Assets/platformer-pack-redux-360-assets/Sample2.png
  artifactKey: Guid(92182631f47343048ae3baa6d0140611) Importer(815301076,1909f56bfc062723c751e8b465ee728b)
Start importing Assets/platformer-pack-redux-360-assets/Sample2.png using Guid(92182631f47343048ae3baa6d0140611) Importer(815301076,1909f56bfc062723c751e8b465ee728b)  -> (artifact id: '8430710c79a1aad5856b75ac3a6c71c1') in 0.063329 seconds
  Import took 0.067293 seconds .

========================================================================
Received Import Request.
  Time since last request: 0.000470 seconds.
  path: Assets/platformer-pack-redux-360-assets/Sample1.png
  artifactKey: Guid(2c9e825888716f342b555517046474aa) Importer(815301076,1909f56bfc062723c751e8b465ee728b)
Start importing Assets/platformer-pack-redux-360-assets/Sample1.png using Guid(2c9e825888716f342b555517046474aa) Importer(815301076,1909f56bfc062723c751e8b465ee728b)  -> (artifact id: '0f78d520dc883b5abf8d3d052531d979') in 0.169185 seconds
  Import took 0.172198 seconds .

========================================================================
Received Import Request.
  Time since last request: 0.000565 seconds.
  path: Assets/platformer-pack-redux-360-assets/PNG/Players/128x256/Blue/alienBlue_climb1.png
  artifactKey: Guid(e2ed925cc7fbd85439db980c2d5292df) Importer(815301076,1909f56bfc062723c751e8b465ee728b)
Start importing Assets/platformer-pack-redux-360-assets/PNG/Players/128x256/Blue/alienBlue_climb1.png using Guid(e2ed925cc7fbd85439db980c2d5292df) Importer(815301076,1909f56bfc062723c751e8b465ee728b)  -> (artifact id: '17bb0293824ecc79369ec4ea0aca91d8') in 0.035321 seconds
  Import took 0.038432 seconds .

========================================================================
Received Import Request.
  Time since last request: 0.000606 seconds.
  path: Assets/platformer-pack-redux-360-assets/PNG/Players/128x256/Blue/alienBlue_duck.png
  artifactKey: Guid(7d21804f312d25b47b483b85d49cde82) Importer(815301076,1909f56bfc062723c751e8b465ee728b)
Start importing Assets/platformer-pack-redux-360-assets/PNG/Players/128x256/Blue/alienBlue_duck.png using Guid(7d21804f312d25b47b483b85d49cde82) Importer(815301076,1909f56bfc062723c751e8b465ee728b)  -> (artifact id: '3151d584fa6f1af8d0c0fa022de2a15b') in 0.051973 seconds
  Import took 0.055731 seconds .

========================================================================
Received Import Request.
  Time since last request: 0.000094 seconds.
  path: Assets/platformer-pack-redux-360-assets/PNG/Players/128x256/Blue
  artifactKey: Guid(350f70c76a836d640b6b660014e5c35d) Importer(815301076,1909f56bfc062723c751e8b465ee728b)
Start importing Assets/platformer-pack-redux-360-assets/PNG/Players/128x256/Blue using Guid(350f70c76a836d640b6b660014e5c35d) Importer(815301076,1909f56bfc062723c751e8b465ee728b)  -> (artifact id: '67d38b5a65f70820ddfd16f3f9a79e4e') in 0.018065 seconds
  Import took 0.021605 seconds .

========================================================================
Received Import Request.
  Time since last request: 0.000370 seconds.
  path: Assets/platformer-pack-redux-360-assets/PNG/Players
  artifactKey: Guid(9dcda3487ea60fe4ca8340fce9000d4b) Importer(815301076,1909f56bfc062723c751e8b465ee728b)
Start importing Assets/platformer-pack-redux-360-assets/PNG/Players using Guid(9dcda3487ea60fe4ca8340fce9000d4b) Importer(815301076,1909f56bfc062723c751e8b465ee728b)  -> (artifact id: '94682460282b834a6a1584efb1b0f034') in 0.021249 seconds
  Import took 0.027142 seconds .

========================================================================
Received Import Request.
  Time since last request: 0.000424 seconds.
  path: Assets/platformer-pack-redux-360-assets/PNG/Players/128x256
  artifactKey: Guid(845fb6cc5aa920546ac74fdeb362debd) Importer(815301076,1909f56bfc062723c751e8b465ee728b)
Start importing Assets/platformer-pack-redux-360-assets/PNG/Players/128x256 using Guid(845fb6cc5aa920546ac74fdeb362debd) Importer(815301076,1909f56bfc062723c751e8b465ee728b)  -> (artifact id: 'd3019ca390cd5536d2f9f4b701c4dcd2') in 0.017018 seconds
  Import took 0.020306 seconds .

========================================================================
Received Prepare
Registering precompiled user dll's ...
Registered in 0.001700 seconds.
Begin MonoManager ReloadAssembly
Native extension for WindowsStandalone target not found
Refreshing native plugins compatible for Editor in 0.74 ms, found 0 plugins.
Preloading 0 native plugins for Editor in 0.00 ms.
Invoked RoslynAnalysisRunner static constructor.
RoslynAnalysisRunner will not be running.
RoslynAnalysisRunner has terminated.
Mono: successfully reloaded assembly
- Completed reload, in  2.595 seconds
Platform modules already initialized, skipping
Refreshing native plugins compatible for Editor in 0.58 ms, found 0 plugins.
Preloading 0 native plugins for Editor in 0.00 ms.
Unloading 1089 Unused Serialized files (Serialized files now loaded: 0)
System memory in use before: 59.5 MB.
System memory in use after: 59.6 MB.

Unloading 5 unused Assets to reduce memory usage. Loaded Objects now: 1545.
Total: 3.876400 ms (FindLiveObjects: 0.365100 ms CreateObjectMapping: 0.081900 ms MarkObjects: 3.249900 ms  DeleteObjects: 0.176800 ms)

========================================================================
Received Import Request.
  Time since last request: 246.334982 seconds.
  path: Assets/platformer-pack-redux-360-assets/PNG/Backgrounds
  artifactKey: Guid(d6ff2181ba871b247914df0b77d2710e) Importer(815301076,1909f56bfc062723c751e8b465ee728b)
Start importing Assets/platformer-pack-redux-360-assets/PNG/Backgrounds using Guid(d6ff2181ba871b247914df0b77d2710e) Importer(815301076,1909f56bfc062723c751e8b465ee728b)  -> (artifact id: '7060af80ebd45c878a1119f48ec8580e') in 0.052081 seconds
  Import took 0.061778 seconds .

========================================================================
Received Import Request.
  Time since last request: 7.182487 seconds.
  path: Assets/platformer-pack-redux-360-assets/PNG/Backgrounds/colored_land.png
  artifactKey: Guid(9492ca4f93727de4a9e33fed2d3ae4ce) Importer(815301076,1909f56bfc062723c751e8b465ee728b)
Start importing Assets/platformer-pack-redux-360-assets/PNG/Backgrounds/colored_land.png using Guid(9492ca4f93727de4a9e33fed2d3ae4ce) Importer(815301076,1909f56bfc062723c751e8b465ee728b)  -> (artifact id: '6f28e2848d05e5c463ac6dd27283f53b') in 0.395297 seconds
  Import took 0.406534 seconds .

========================================================================
Received Import Request.
  Time since last request: 0.101634 seconds.
  path: Assets/platformer-pack-redux-360-assets/PNG/Backgrounds/colored_land.png
  artifactKey: Guid(9492ca4f93727de4a9e33fed2d3ae4ce) Importer(815301076,1909f56bfc062723c751e8b465ee728b)
Start importing Assets/platformer-pack-redux-360-assets/PNG/Backgrounds/colored_land.png using Guid(9492ca4f93727de4a9e33fed2d3ae4ce) Importer(815301076,1909f56bfc062723c751e8b465ee728b)  -> (artifact id: '6f28e2848d05e5c463ac6dd27283f53b') in 0.068397 seconds
  Import took 0.078745 seconds .

========================================================================
Received Import Request.
  Time since last request: 1.662591 seconds.
  path: Assets/platformer-pack-redux-360-assets/PNG/Backgrounds/colored_shroom.png
  artifactKey: Guid(99d1146fcc5e5bd4caa2cd67c3f17fdb) Importer(815301076,1909f56bfc062723c751e8b465ee728b)
Start importing Assets/platformer-pack-redux-360-assets/PNG/Backgrounds/colored_shroom.png using Guid(99d1146fcc5e5bd4caa2cd67c3f17fdb) Importer(815301076,1909f56bfc062723c751e8b465ee728b)  -> (artifact id: '61369365c0a4273a9069d30b442243d4') in 0.135075 seconds
  Import took 0.142253 seconds .

========================================================================
Received Import Request.
  Time since last request: 0.653234 seconds.
  path: Assets/platformer-pack-redux-360-assets/PNG/Backgrounds/colored_grass.png
  artifactKey: Guid(020c5640360dc1741a1676d2bc572e3e) Importer(815301076,1909f56bfc062723c751e8b465ee728b)
Start importing Assets/platformer-pack-redux-360-assets/PNG/Backgrounds/colored_grass.png using Guid(020c5640360dc1741a1676d2bc572e3e) Importer(815301076,1909f56bfc062723c751e8b465ee728b)  -> (artifact id: '353f56faf036b3152cb49b24594df596') in 0.104372 seconds
  Import took 0.113763 seconds .

========================================================================
Received Import Request.
  Time since last request: 0.071957 seconds.
  path: Assets/platformer-pack-redux-360-assets/PNG/Backgrounds/colored_desert.png
  artifactKey: Guid(a0ffb0793d133074fb6f380fbbfcb46a) Importer(815301076,1909f56bfc062723c751e8b465ee728b)
Start importing Assets/platformer-pack-redux-360-assets/PNG/Backgrounds/colored_desert.png using Guid(a0ffb0793d133074fb6f380fbbfcb46a) Importer(815301076,1909f56bfc062723c751e8b465ee728b)  -> (artifact id: 'c75cc373a90ab2c0d9e919fea89cf24f') in 0.110146 seconds
  Import took 0.119748 seconds .

========================================================================
Received Import Request.
  Time since last request: 0.143639 seconds.
  path: Assets/platformer-pack-redux-360-assets/PNG/Backgrounds/blue_shroom.png
  artifactKey: Guid(ebcd41b137a6beb4f9c389589efdd51d) Importer(815301076,1909f56bfc062723c751e8b465ee728b)
Start importing Assets/platformer-pack-redux-360-assets/PNG/Backgrounds/blue_shroom.png using Guid(ebcd41b137a6beb4f9c389589efdd51d) Importer(815301076,1909f56bfc062723c751e8b465ee728b)  -> (artifact id: '564905404bd8c844d4472e2851414cad') in 0.083764 seconds
  Import took 0.091602 seconds .

========================================================================
Received Import Request.
  Time since last request: 0.037708 seconds.
  path: Assets/platformer-pack-redux-360-assets/PNG/Backgrounds/blue_grass.png
  artifactKey: Guid(e14cfb516e0e5594baf14fe2d037557e) Importer(815301076,1909f56bfc062723c751e8b465ee728b)
Start importing Assets/platformer-pack-redux-360-assets/PNG/Backgrounds/blue_grass.png using Guid(e14cfb516e0e5594baf14fe2d037557e) Importer(815301076,1909f56bfc062723c751e8b465ee728b)  -> (artifact id: '7ca75abb08d355b6be1c5aea0f43abf7') in 0.053547 seconds
  Import took 0.057559 seconds .

========================================================================
Received Import Request.
  Time since last request: 0.005012 seconds.
  path: Assets/platformer-pack-redux-360-assets/PNG/Backgrounds/blue_grass.png
  artifactKey: Guid(e14cfb516e0e5594baf14fe2d037557e) Importer(815301076,1909f56bfc062723c751e8b465ee728b)
Start importing Assets/platformer-pack-redux-360-assets/PNG/Backgrounds/blue_grass.png using Guid(e14cfb516e0e5594baf14fe2d037557e) Importer(815301076,1909f56bfc062723c751e8b465ee728b)  -> (artifact id: '7ca75abb08d355b6be1c5aea0f43abf7') in 0.027071 seconds
  Import took 0.031704 seconds .

========================================================================
Received Import Request.
  Time since last request: 0.145149 seconds.
  path: Assets/platformer-pack-redux-360-assets/PNG/Backgrounds/blue_desert.png
  artifactKey: Guid(3fa363403dee67347b0938a937c244dd) Importer(815301076,1909f56bfc062723c751e8b465ee728b)
Start importing Assets/platformer-pack-redux-360-assets/PNG/Backgrounds/blue_desert.png using Guid(3fa363403dee67347b0938a937c244dd) Importer(815301076,1909f56bfc062723c751e8b465ee728b)  -> (artifact id: 'd46c6aa9c7f0ad1cc5ab76660abc0054') in 0.056521 seconds
  Import took 0.061217 seconds .

========================================================================
Received Import Request.
  Time since last request: 4.066593 seconds.
  path: Assets/platformer-pack-redux-360-assets/PNG/Ground
  artifactKey: Guid(12b8efdefc18677449128166ccbe2c82) Importer(815301076,1909f56bfc062723c751e8b465ee728b)
Start importing Assets/platformer-pack-redux-360-assets/PNG/Ground using Guid(12b8efdefc18677449128166ccbe2c82) Importer(815301076,1909f56bfc062723c751e8b465ee728b)  -> (artifact id: '685f72a4b6a1dbe012270eb607ce33e2') in 0.051339 seconds
  Import took 0.071088 seconds .

========================================================================
Received Import Request.
  Time since last request: 2.913964 seconds.
  path: Assets/platformer-pack-redux-360-assets/PNG/Ground/Grass
  artifactKey: Guid(e7d6162267c9aa1498e3cc24fc1000ba) Importer(815301076,1909f56bfc062723c751e8b465ee728b)
Start importing Assets/platformer-pack-redux-360-assets/PNG/Ground/Grass using Guid(e7d6162267c9aa1498e3cc24fc1000ba) Importer(815301076,1909f56bfc062723c751e8b465ee728b)  -> (artifact id: 'ceb7db50704d145849e84c743c79bdbe') in 0.042584 seconds
  Import took 0.050946 seconds .

========================================================================
Received Import Request.
  Time since last request: 0.037005 seconds.
  path: Assets/platformer-pack-redux-360-assets/PNG/Ground/Grass
  artifactKey: Guid(e7d6162267c9aa1498e3cc24fc1000ba) Importer(815301076,1909f56bfc062723c751e8b465ee728b)
Start importing Assets/platformer-pack-redux-360-assets/PNG/Ground/Grass using Guid(e7d6162267c9aa1498e3cc24fc1000ba) Importer(815301076,1909f56bfc062723c751e8b465ee728b)  -> (artifact id: 'ceb7db50704d145849e84c743c79bdbe') in 0.020216 seconds
  Import took 0.029901 seconds .

========================================================================
Received Prepare
Registering precompiled user dll's ...
Registered in 0.001837 seconds.
Begin MonoManager ReloadAssembly
Native extension for WindowsStandalone target not found
Refreshing native plugins compatible for Editor in 1.23 ms, found 0 plugins.
Preloading 0 native plugins for Editor in 0.00 ms.
Invoked RoslynAnalysisRunner static constructor.
RoslynAnalysisRunner will not be running.
RoslynAnalysisRunner has terminated.
Mono: successfully reloaded assembly
- Completed reload, in  4.951 seconds
Platform modules already initialized, skipping
Refreshing native plugins compatible for Editor in 1.21 ms, found 0 plugins.
Preloading 0 native plugins for Editor in 0.00 ms.
Unloading 1089 Unused Serialized files (Serialized files now loaded: 0)
System memory in use before: 59.7 MB.
System memory in use after: 59.8 MB.

Unloading 5 unused Assets to reduce memory usage. Loaded Objects now: 1550.
Total: 11.955400 ms (FindLiveObjects: 0.736400 ms CreateObjectMapping: 0.266400 ms MarkObjects: 10.733000 ms  DeleteObjects: 0.214000 ms)

========================================================================
Received Import Request.
  Time since last request: 94.730519 seconds.
  path: Assets/New Material.mat
  artifactKey: Guid(af9c0d4fb4f2a974991b89b178fc3c13) Importer(815301076,1909f56bfc062723c751e8b465ee728b)
Start importing Assets/New Material.mat using Guid(af9c0d4fb4f2a974991b89b178fc3c13) Importer(815301076,1909f56bfc062723c751e8b465ee728b)  -> (artifact id: '1093915bcd93c85d03e0727457886576') in 0.469938 seconds
  Import took 0.477461 seconds .

========================================================================
Received Import Request.
  Time since last request: 0.003306 seconds.
  path: Assets/New Material.mat
  artifactKey: Guid(af9c0d4fb4f2a974991b89b178fc3c13) Importer(815301076,1909f56bfc062723c751e8b465ee728b)
Start importing Assets/New Material.mat using Guid(af9c0d4fb4f2a974991b89b178fc3c13) Importer(815301076,1909f56bfc062723c751e8b465ee728b)  -> (artifact id: '1093915bcd93c85d03e0727457886576') in 0.040207 seconds
  Import took 0.044408 seconds .

========================================================================
Received Import Request.
  Time since last request: 28.803664 seconds.
  path: Assets/platformer-pack-redux-360-assets/PNG/Ground/Grass/New Lighting Settings.lighting
  artifactKey: Guid(3ca979cd91996bf498b74725f621f5ac) Importer(815301076,1909f56bfc062723c751e8b465ee728b)
Start importing Assets/platformer-pack-redux-360-assets/PNG/Ground/Grass/New Lighting Settings.lighting using Guid(3ca979cd91996bf498b74725f621f5ac) Importer(815301076,1909f56bfc062723c751e8b465ee728b)  -> (artifact id: 'd79888012b23e32cab13f285d46b5132') in 0.067427 seconds
  Import took 0.078303 seconds .

========================================================================
Received Import Request.
  Time since last request: 72.791782 seconds.
  path: Assets/platformer-pack-redux-360-assets/PNG/Tiles
  artifactKey: Guid(69b91814916466c42b254eddc6d3497c) Importer(815301076,1909f56bfc062723c751e8b465ee728b)
Start importing Assets/platformer-pack-redux-360-assets/PNG/Tiles using Guid(69b91814916466c42b254eddc6d3497c) Importer(815301076,1909f56bfc062723c751e8b465ee728b)  -> (artifact id: '792b45c837b619d9e780be2beebdf423') in 0.059969 seconds
  Import took 0.071091 seconds .

========================================================================
Received Import Request.
  Time since last request: 1.830356 seconds.
  path: Assets/platformer-pack-redux-360-assets/PNG/Tiles/boxCoin_disabled.png
  artifactKey: Guid(f250807175c236a4080471c19dfdac20) Importer(815301076,1909f56bfc062723c751e8b465ee728b)
Start importing Assets/platformer-pack-redux-360-assets/PNG/Tiles/boxCoin_disabled.png using Guid(f250807175c236a4080471c19dfdac20) Importer(815301076,1909f56bfc062723c751e8b465ee728b)  -> (artifact id: 'a46f788aaf167bdbce65c7497b6eb876') in 0.201725 seconds
  Import took 0.211494 seconds .

========================================================================
Received Import Request.
  Time since last request: 0.072920 seconds.
  path: Assets/platformer-pack-redux-360-assets/PNG/Tiles/boxCoin_disabled.png
  artifactKey: Guid(f250807175c236a4080471c19dfdac20) Importer(815301076,1909f56bfc062723c751e8b465ee728b)
Start importing Assets/platformer-pack-redux-360-assets/PNG/Tiles/boxCoin_disabled.png using Guid(f250807175c236a4080471c19dfdac20) Importer(815301076,1909f56bfc062723c751e8b465ee728b)  -> (artifact id: 'a46f788aaf167bdbce65c7497b6eb876') in 0.064512 seconds
  Import took 0.074372 seconds .

========================================================================
Received Import Request.
  Time since last request: 0.311527 seconds.
  path: Assets/platformer-pack-redux-360-assets/PNG/Tiles/bombWhite.png
  artifactKey: Guid(bcfe775593cbec44281884699c1fb05e) Importer(815301076,1909f56bfc062723c751e8b465ee728b)
Start importing Assets/platformer-pack-redux-360-assets/PNG/Tiles/bombWhite.png using Guid(bcfe775593cbec44281884699c1fb05e) Importer(815301076,1909f56bfc062723c751e8b465ee728b)  -> (artifact id: '8faef9bdd90d9e7b9bde5394f148cbd1') in 0.116512 seconds
  Import took 0.128052 seconds .

========================================================================
Received Import Request.
  Time since last request: 0.359455 seconds.
  path: Assets/platformer-pack-redux-360-assets/PNG/Tiles/bomb.png
  artifactKey: Guid(f59998f5f118d7f488ed9c0c8fcdd8af) Importer(815301076,1909f56bfc062723c751e8b465ee728b)
Start importing Assets/platformer-pack-redux-360-assets/PNG/Tiles/bomb.png using Guid(f59998f5f118d7f488ed9c0c8fcdd8af) Importer(815301076,1909f56bfc062723c751e8b465ee728b)  -> (artifact id: '7e8c9d8803834ce79c3bf5aa38a19de6') in 0.175442 seconds
  Import took 0.185389 seconds .

========================================================================
Received Import Request.
  Time since last request: 29.664409 seconds.
  path: Assets/Scripts
  artifactKey: Guid(58e3ec1c3381c8841bfba87023f0e3b6) Importer(815301076,1909f56bfc062723c751e8b465ee728b)
Start importing Assets/Scripts using Guid(58e3ec1c3381c8841bfba87023f0e3b6) Importer(815301076,1909f56bfc062723c751e8b465ee728b)  -> (artifact id: '9d6d70b175a8227832e7c4c91cdaf4ec') in 0.044617 seconds
  Import took 0.056074 seconds .

========================================================================
Received Import Request.
  Time since last request: 11.899014 seconds.
  path: Assets/Scripts/NewBehaviourScript.cs
  artifactKey: Guid(26d055638e8ae9e40b7a29f4261b95d6) Importer(815301076,1909f56bfc062723c751e8b465ee728b)
Start importing Assets/Scripts/NewBehaviourScript.cs using Guid(26d055638e8ae9e40b7a29f4261b95d6) Importer(815301076,1909f56bfc062723c751e8b465ee728b)  -> (artifact id: '8dc40b88cd945349333cb8904b6e5368') in 0.060459 seconds
  Import took 0.064286 seconds .

========================================================================
Received Prepare
Registering precompiled user dll's ...
Registered in 0.001609 seconds.
Begin MonoManager ReloadAssembly
Native extension for WindowsStandalone target not found
Refreshing native plugins compatible for Editor in 2.47 ms, found 0 plugins.
Preloading 0 native plugins for Editor in 0.00 ms.
Invoked RoslynAnalysisRunner static constructor.
RoslynAnalysisRunner will not be running.
RoslynAnalysisRunner has terminated.
Mono: successfully reloaded assembly
- Completed reload, in  4.849 seconds
Platform modules already initialized, skipping
Refreshing native plugins compatible for Editor in 1.23 ms, found 0 plugins.
Preloading 0 native plugins for Editor in 0.00 ms.
Unloading 1090 Unused Serialized files (Serialized files now loaded: 0)
System memory in use before: 60.1 MB.
System memory in use after: 60.2 MB.

Unloading 5 unused Assets to reduce memory usage. Loaded Objects now: 1590.
Total: 10.423300 ms (FindLiveObjects: 0.766000 ms CreateObjectMapping: 0.280600 ms MarkObjects: 9.130200 ms  DeleteObjects: 0.240300 ms)

========================================================================
Received Import Request.
  Time since last request: 49.689034 seconds.
  path: Assets/Scripts/Player.cs
  artifactKey: Guid(26d055638e8ae9e40b7a29f4261b95d6) Importer(815301076,1909f56bfc062723c751e8b465ee728b)
Start importing Assets/Scripts/Player.cs using Guid(26d055638e8ae9e40b7a29f4261b95d6) Importer(815301076,1909f56bfc062723c751e8b465ee728b)  -> (artifact id: '5c624e3d612367236f253584ecf5fe2d') in 0.056934 seconds
  Import took 0.070722 seconds .

========================================================================
Received Prepare
Registering precompiled user dll's ...
Registered in 0.005915 seconds.
Begin MonoManager ReloadAssembly
Native extension for WindowsStandalone target not found
Refreshing native plugins compatible for Editor in 0.53 ms, found 0 plugins.
Preloading 0 native plugins for Editor in 0.00 ms.
Invoked RoslynAnalysisRunner static constructor.
RoslynAnalysisRunner will not be running.
RoslynAnalysisRunner has terminated.
Mono: successfully reloaded assembly
- Completed reload, in  2.404 seconds
Platform modules already initialized, skipping
Refreshing native plugins compatible for Editor in 0.57 ms, found 0 plugins.
Preloading 0 native plugins for Editor in 0.00 ms.
Unloading 1090 Unused Serialized files (Serialized files now loaded: 0)
System memory in use before: 60.2 MB.
System memory in use after: 60.3 MB.

Unloading 5 unused Assets to reduce memory usage. Loaded Objects now: 1592.
Total: 5.247300 ms (FindLiveObjects: 1.586700 ms CreateObjectMapping: 0.366500 ms MarkObjects: 3.142500 ms  DeleteObjects: 0.148100 ms)

========================================================================
Received Prepare
Registering precompiled user dll's ...
Registered in 0.001468 seconds.
Begin MonoManager ReloadAssembly
Native extension for WindowsStandalone target not found
Refreshing native plugins compatible for Editor in 0.60 ms, found 0 plugins.
Preloading 0 native plugins for Editor in 0.00 ms.
Invoked RoslynAnalysisRunner static constructor.
RoslynAnalysisRunner will not be running.
RoslynAnalysisRunner has terminated.
Mono: successfully reloaded assembly
- Completed reload, in  4.081 seconds
Platform modules already initialized, skipping
Refreshing native plugins compatible for Editor in 1.52 ms, found 0 plugins.
Preloading 0 native plugins for Editor in 0.00 ms.
Unloading 1090 Unused Serialized files (Serialized files now loaded: 0)
System memory in use before: 60.3 MB.
System memory in use after: 60.4 MB.

Unloading 5 unused Assets to reduce memory usage. Loaded Objects now: 1594.
Total: 7.950500 ms (FindLiveObjects: 0.688300 ms CreateObjectMapping: 0.252800 ms MarkObjects: 6.772400 ms  DeleteObjects: 0.233100 ms)

========================================================================
Received Import Request.
  Time since last request: 426.020735 seconds.
  path: Assets/Scripts/Player.cs
  artifactKey: Guid(26d055638e8ae9e40b7a29f4261b95d6) Importer(815301076,1909f56bfc062723c751e8b465ee728b)
Start importing Assets/Scripts/Player.cs using Guid(26d055638e8ae9e40b7a29f4261b95d6) Importer(815301076,1909f56bfc062723c751e8b465ee728b)  -> (artifact id: 'd325da668a9857b5f7567329a90d2ba7') in 0.485764 seconds
  Import took 0.491185 seconds .

========================================================================
Received Prepare
Registering precompiled user dll's ...
Registered in 0.007796 seconds.
Begin MonoManager ReloadAssembly
Native extension for WindowsStandalone target not found
Refreshing native plugins compatible for Editor in 0.73 ms, found 0 plugins.
Preloading 0 native plugins for Editor in 0.00 ms.
Invoked RoslynAnalysisRunner static constructor.
RoslynAnalysisRunner will not be running.
RoslynAnalysisRunner has terminated.
Mono: successfully reloaded assembly
- Completed reload, in  2.992 seconds
Platform modules already initialized, skipping
Refreshing native plugins compatible for Editor in 1.23 ms, found 0 plugins.
Preloading 0 native plugins for Editor in 0.00 ms.
Unloading 1090 Unused Serialized files (Serialized files now loaded: 0)
System memory in use before: 60.4 MB.
System memory in use after: 60.5 MB.

Unloading 5 unused Assets to reduce memory usage. Loaded Objects now: 1596.
Total: 10.325800 ms (FindLiveObjects: 0.778400 ms CreateObjectMapping: 0.269900 ms MarkObjects: 8.995200 ms  DeleteObjects: 0.276200 ms)

========================================================================
Received Prepare
Registering precompiled user dll's ...
Registered in 0.001724 seconds.
Begin MonoManager ReloadAssembly
Native extension for WindowsStandalone target not found
Refreshing native plugins compatible for Editor in 0.60 ms, found 0 plugins.
Preloading 0 native plugins for Editor in 0.00 ms.
Invoked RoslynAnalysisRunner static constructor.
RoslynAnalysisRunner will not be running.
RoslynAnalysisRunner has terminated.
Mono: successfully reloaded assembly
- Completed reload, in  3.145 seconds
Platform modules already initialized, skipping
Refreshing native plugins compatible for Editor in 1.23 ms, found 0 plugins.
Preloading 0 native plugins for Editor in 0.00 ms.
Unloading 1090 Unused Serialized files (Serialized files now loaded: 0)
System memory in use before: 60.5 MB.
System memory in use after: 60.6 MB.

Unloading 5 unused Assets to reduce memory usage. Loaded Objects now: 1598.
Total: 9.722800 ms (FindLiveObjects: 0.772000 ms CreateObjectMapping: 0.275700 ms MarkObjects: 8.442000 ms  DeleteObjects: 0.227400 ms)

========================================================================
Received Prepare
Registering precompiled user dll's ...
Registered in 0.001489 seconds.
Begin MonoManager ReloadAssembly
Native extension for WindowsStandalone target not found
Refreshing native plugins compatible for Editor in 0.48 ms, found 0 plugins.
Preloading 0 native plugins for Editor in 0.00 ms.
Invoked RoslynAnalysisRunner static constructor.
RoslynAnalysisRunner will not be running.
RoslynAnalysisRunner has terminated.
Mono: successfully reloaded assembly
- Completed reload, in  2.513 seconds
Platform modules already initialized, skipping
Refreshing native plugins compatible for Editor in 0.92 ms, found 0 plugins.
Preloading 0 native plugins for Editor in 0.00 ms.
Unloading 1090 Unused Serialized files (Serialized files now loaded: 0)
System memory in use before: 60.6 MB.
System memory in use after: 60.7 MB.

Unloading 5 unused Assets to reduce memory usage. Loaded Objects now: 1600.
Total: 3.958700 ms (FindLiveObjects: 0.424300 ms CreateObjectMapping: 0.093000 ms MarkObjects: 3.334300 ms  DeleteObjects: 0.104100 ms)

========================================================================
Received Prepare
Registering precompiled user dll's ...
Registered in 0.001493 seconds.
Begin MonoManager ReloadAssembly
Native extension for WindowsStandalone target not found
Refreshing native plugins compatible for Editor in 1.80 ms, found 0 plugins.
Preloading 0 native plugins for Editor in 0.00 ms.
Invoked RoslynAnalysisRunner static constructor.
RoslynAnalysisRunner will not be running.
RoslynAnalysisRunner has terminated.
Mono: successfully reloaded assembly
- Completed reload, in  4.343 seconds
Platform modules already initialized, skipping
Refreshing native plugins compatible for Editor in 1.20 ms, found 0 plugins.
Preloading 0 native plugins for Editor in 0.00 ms.
Unloading 1090 Unused Serialized files (Serialized files now loaded: 0)
System memory in use before: 60.7 MB.
System memory in use after: 60.8 MB.

Unloading 5 unused Assets to reduce memory usage. Loaded Objects now: 1602.
Total: 10.845100 ms (FindLiveObjects: 1.197100 ms CreateObjectMapping: 0.399400 ms MarkObjects: 8.980000 ms  DeleteObjects: 0.260600 ms)

========================================================================
Received Prepare
Registering precompiled user dll's ...
Registered in 0.002821 seconds.
Begin MonoManager ReloadAssembly
Native extension for WindowsStandalone target not found
Refreshing native plugins compatible for Editor in 0.47 ms, found 0 plugins.
Preloading 0 native plugins for Editor in 0.00 ms.
Invoked RoslynAnalysisRunner static constructor.
RoslynAnalysisRunner will not be running.
RoslynAnalysisRunner has terminated.
Mono: successfully reloaded assembly
- Completed reload, in  2.363 seconds
Platform modules already initialized, skipping
Refreshing native plugins compatible for Editor in 0.50 ms, found 0 plugins.
Preloading 0 native plugins for Editor in 0.00 ms.
Unloading 1090 Unused Serialized files (Serialized files now loaded: 0)
System memory in use before: 60.7 MB.
System memory in use after: 60.8 MB.

Unloading 5 unused Assets to reduce memory usage. Loaded Objects now: 1604.
Total: 3.642400 ms (FindLiveObjects: 0.409900 ms CreateObjectMapping: 0.087200 ms MarkObjects: 3.042000 ms  DeleteObjects: 0.101100 ms)

========================================================================
Received Prepare
Registering precompiled user dll's ...
Registered in 0.001696 seconds.
Begin MonoManager ReloadAssembly
Native extension for WindowsStandalone target not found
Refreshing native plugins compatible for Editor in 1.25 ms, found 0 plugins.
Preloading 0 native plugins for Editor in 0.00 ms.
Invoked RoslynAnalysisRunner static constructor.
RoslynAnalysisRunner will not be running.
RoslynAnalysisRunner has terminated.
Mono: successfully reloaded assembly
- Completed reload, in  3.790 seconds
Platform modules already initialized, skipping
Refreshing native plugins compatible for Editor in 1.21 ms, found 0 plugins.
Preloading 0 native plugins for Editor in 0.00 ms.
Unloading 1090 Unused Serialized files (Serialized files now loaded: 0)
System memory in use before: 60.9 MB.
System memory in use after: 61.0 MB.

Unloading 5 unused Assets to reduce memory usage. Loaded Objects now: 1606.
Total: 9.608100 ms (FindLiveObjects: 0.783900 ms CreateObjectMapping: 0.281000 ms MarkObjects: 8.305900 ms  DeleteObjects: 0.231000 ms)

========================================================================
Received Prepare
Registering precompiled user dll's ...
Registered in 0.001878 seconds.
Begin MonoManager ReloadAssembly
Native extension for WindowsStandalone target not found
Refreshing native plugins compatible for Editor in 1.27 ms, found 0 plugins.
Preloading 0 native plugins for Editor in 0.00 ms.
Invoked RoslynAnalysisRunner static constructor.
RoslynAnalysisRunner will not be running.
RoslynAnalysisRunner has terminated.
Mono: successfully reloaded assembly
- Completed reload, in  4.275 seconds
Platform modules already initialized, skipping
Refreshing native plugins compatible for Editor in 0.68 ms, found 0 plugins.
Preloading 0 native plugins for Editor in 0.00 ms.
Unloading 1090 Unused Serialized files (Serialized files now loaded: 0)
System memory in use before: 61.0 MB.
System memory in use after: 61.1 MB.

Unloading 5 unused Assets to reduce memory usage. Loaded Objects now: 1608.
Total: 4.639500 ms (FindLiveObjects: 0.437400 ms CreateObjectMapping: 0.122800 ms MarkObjects: 3.963500 ms  DeleteObjects: 0.113100 ms)

========================================================================
Received Prepare
Registering precompiled user dll's ...
Registered in 0.001492 seconds.
Begin MonoManager ReloadAssembly
Native extension for WindowsStandalone target not found
Refreshing native plugins compatible for Editor in 0.64 ms, found 0 plugins.
Preloading 0 native plugins for Editor in 0.00 ms.
Invoked RoslynAnalysisRunner static constructor.
RoslynAnalysisRunner will not be running.
RoslynAnalysisRunner has terminated.
Mono: successfully reloaded assembly
- Completed reload, in  2.370 seconds
Platform modules already initialized, skipping
Refreshing native plugins compatible for Editor in 1.33 ms, found 0 plugins.
Preloading 0 native plugins for Editor in 0.00 ms.
Unloading 1090 Unused Serialized files (Serialized files now loaded: 0)
System memory in use before: 61.1 MB.
System memory in use after: 61.2 MB.

Unloading 5 unused Assets to reduce memory usage. Loaded Objects now: 1610.
Total: 11.219000 ms (FindLiveObjects: 0.784500 ms CreateObjectMapping: 0.276200 ms MarkObjects: 9.924600 ms  DeleteObjects: 0.228400 ms)

========================================================================
Received Prepare
Registering precompiled user dll's ...
Registered in 0.001527 seconds.
Begin MonoManager ReloadAssembly
Native extension for WindowsStandalone target not found
Refreshing native plugins compatible for Editor in 0.68 ms, found 0 plugins.
Preloading 0 native plugins for Editor in 0.00 ms.
Invoked RoslynAnalysisRunner static constructor.
RoslynAnalysisRunner will not be running.
RoslynAnalysisRunner has terminated.
Mono: successfully reloaded assembly
- Completed reload, in  3.142 seconds
Platform modules already initialized, skipping
Refreshing native plugins compatible for Editor in 0.51 ms, found 0 plugins.
Preloading 0 native plugins for Editor in 0.00 ms.
Unloading 1090 Unused Serialized files (Serialized files now loaded: 0)
System memory in use before: 61.2 MB.
System memory in use after: 61.3 MB.

Unloading 5 unused Assets to reduce memory usage. Loaded Objects now: 1612.
Total: 4.023100 ms (FindLiveObjects: 0.422800 ms CreateObjectMapping: 0.145100 ms MarkObjects: 3.304900 ms  DeleteObjects: 0.146900 ms)

========================================================================
Received Prepare
Registering precompiled user dll's ...
Registered in 0.001473 seconds.
Begin MonoManager ReloadAssembly
Native extension for WindowsStandalone target not found
Refreshing native plugins compatible for Editor in 0.67 ms, found 0 plugins.
Preloading 0 native plugins for Editor in 0.00 ms.
Invoked RoslynAnalysisRunner static constructor.
RoslynAnalysisRunner will not be running.
RoslynAnalysisRunner has terminated.
Mono: successfully reloaded assembly
- Completed reload, in  3.371 seconds
Platform modules already initialized, skipping
Refreshing native plugins compatible for Editor in 0.58 ms, found 0 plugins.
Preloading 0 native plugins for Editor in 0.00 ms.
Unloading 1090 Unused Serialized files (Serialized files now loaded: 0)
System memory in use before: 61.3 MB.
System memory in use after: 61.4 MB.

Unloading 5 unused Assets to reduce memory usage. Loaded Objects now: 1614.
Total: 4.745400 ms (FindLiveObjects: 0.435200 ms CreateObjectMapping: 0.110800 ms MarkObjects: 4.068900 ms  DeleteObjects: 0.126700 ms)

========================================================================
Received Prepare
Registering precompiled user dll's ...
Registered in 0.001525 seconds.
Begin MonoManager ReloadAssembly
Native extension for WindowsStandalone target not found
Refreshing native plugins compatible for Editor in 0.51 ms, found 0 plugins.
Preloading 0 native plugins for Editor in 0.00 ms.
Invoked RoslynAnalysisRunner static constructor.
RoslynAnalysisRunner will not be running.
RoslynAnalysisRunner has terminated.
Mono: successfully reloaded assembly
- Completed reload, in  1.854 seconds
Platform modules already initialized, skipping
Refreshing native plugins compatible for Editor in 1.20 ms, found 0 plugins.
Preloading 0 native plugins for Editor in 0.00 ms.
Unloading 1090 Unused Serialized files (Serialized files now loaded: 0)
System memory in use before: 61.4 MB.
System memory in use after: 61.5 MB.

Unloading 5 unused Assets to reduce memory usage. Loaded Objects now: 1616.
Total: 10.045600 ms (FindLiveObjects: 0.794500 ms CreateObjectMapping: 0.281200 ms MarkObjects: 8.726100 ms  DeleteObjects: 0.238300 ms)

========================================================================
Received Prepare
Registering precompiled user dll's ...
Registered in 0.001506 seconds.
Begin MonoManager ReloadAssembly
Native extension for WindowsStandalone target not found
Refreshing native plugins compatible for Editor in 0.52 ms, found 0 plugins.
Preloading 0 native plugins for Editor in 0.00 ms.
Invoked RoslynAnalysisRunner static constructor.
RoslynAnalysisRunner will not be running.
RoslynAnalysisRunner has terminated.
Mono: successfully reloaded assembly
- Completed reload, in  2.248 seconds
Platform modules already initialized, skipping
Refreshing native plugins compatible for Editor in 0.49 ms, found 0 plugins.
Preloading 0 native plugins for Editor in 0.00 ms.
Unloading 1090 Unused Serialized files (Serialized files now loaded: 0)
System memory in use before: 61.5 MB.
System memory in use after: 61.5 MB.

Unloading 5 unused Assets to reduce memory usage. Loaded Objects now: 1618.
Total: 3.995500 ms (FindLiveObjects: 0.389500 ms CreateObjectMapping: 0.096800 ms MarkObjects: 3.396100 ms  DeleteObjects: 0.109100 ms)

========================================================================
Received Prepare
Registering precompiled user dll's ...
Registered in 0.001686 seconds.
Begin MonoManager ReloadAssembly
Native extension for WindowsStandalone target not found
Refreshing native plugins compatible for Editor in 1.29 ms, found 0 plugins.
Preloading 0 native plugins for Editor in 0.00 ms.
Invoked RoslynAnalysisRunner static constructor.
RoslynAnalysisRunner will not be running.
RoslynAnalysisRunner has terminated.
Mono: successfully reloaded assembly
- Completed reload, in  3.913 seconds
Platform modules already initialized, skipping
Refreshing native plugins compatible for Editor in 1.23 ms, found 0 plugins.
Preloading 0 native plugins for Editor in 0.00 ms.
Unloading 1090 Unused Serialized files (Serialized files now loaded: 0)
System memory in use before: 61.6 MB.
System memory in use after: 61.6 MB.

Unloading 5 unused Assets to reduce memory usage. Loaded Objects now: 1620.
Total: 12.705500 ms (FindLiveObjects: 0.972500 ms CreateObjectMapping: 0.993300 ms MarkObjects: 10.482700 ms  DeleteObjects: 0.251100 ms)

========================================================================
Received Import Request.
  Time since last request: 1993.059675 seconds.
  path: Assets/platformer-pack-redux-360-assets/PNG/Ground/Grass/grass.png
  artifactKey: Guid(6056e2519a5b01844bf481233292cbb3) Importer(815301076,1909f56bfc062723c751e8b465ee728b)
Start importing Assets/platformer-pack-redux-360-assets/PNG/Ground/Grass/grass.png using Guid(6056e2519a5b01844bf481233292cbb3) Importer(815301076,1909f56bfc062723c751e8b465ee728b)  -> (artifact id: 'b0bc7c2366efdb3a20602a386dff9f64') in 0.660836 seconds
  Import took 0.668407 seconds .

========================================================================
Received Import Request.
  Time since last request: 35.985576 seconds.
  path: Assets/Prefabs
  artifactKey: Guid(dfe31e8231200be43b250e60668c0db6) Importer(815301076,1909f56bfc062723c751e8b465ee728b)
Start importing Assets/Prefabs using Guid(dfe31e8231200be43b250e60668c0db6) Importer(815301076,1909f56bfc062723c751e8b465ee728b)  -> (artifact id: '28ea6c59bd56c2ea36b7ecb9142404d9') in 0.024650 seconds
  Import took 0.031028 seconds .

========================================================================
Received Import Request.
  Time since last request: 4.820181 seconds.
  path: Assets/Prefabs/grass (1).prefab
  artifactKey: Guid(ebace2f9eb645564999812cb8d02c009) Importer(815301076,1909f56bfc062723c751e8b465ee728b)
Start importing Assets/Prefabs/grass (1).prefab using Guid(ebace2f9eb645564999812cb8d02c009) Importer(815301076,1909f56bfc062723c751e8b465ee728b)  -> (artifact id: 'e1cecc117a24c5bdfba66e5ace9d0bdb') in 0.285107 seconds
  Import took 0.289980 seconds .

========================================================================
Received Import Request.
  Time since last request: 4.936792 seconds.
  path: Assets/Prefabs/grass.prefab
  artifactKey: Guid(ebace2f9eb645564999812cb8d02c009) Importer(815301076,1909f56bfc062723c751e8b465ee728b)
Start importing Assets/Prefabs/grass.prefab using Guid(ebace2f9eb645564999812cb8d02c009) Importer(815301076,1909f56bfc062723c751e8b465ee728b)  -> (artifact id: '7350587ebc59871baa93526a201af791') in 0.329653 seconds
  Import took 0.343764 seconds .

========================================================================
Received Prepare
Registering precompiled user dll's ...
Registered in 0.001715 seconds.
Begin MonoManager ReloadAssembly
Native extension for WindowsStandalone target not found
Refreshing native plugins compatible for Editor in 1.08 ms, found 0 plugins.
Preloading 0 native plugins for Editor in 0.00 ms.
Invoked RoslynAnalysisRunner static constructor.
RoslynAnalysisRunner will not be running.
RoslynAnalysisRunner has terminated.
Mono: successfully reloaded assembly
- Completed reload, in  4.252 seconds
Platform modules already initialized, skipping
Refreshing native plugins compatible for Editor in 1.37 ms, found 0 plugins.
Preloading 0 native plugins for Editor in 0.00 ms.
Unloading 1090 Unused Serialized files (Serialized files now loaded: 0)
System memory in use before: 61.7 MB.
System memory in use after: 61.8 MB.

Unloading 5 unused Assets to reduce memory usage. Loaded Objects now: 1623.
Total: 13.232100 ms (FindLiveObjects: 1.139400 ms CreateObjectMapping: 0.295800 ms MarkObjects: 11.424600 ms  DeleteObjects: 0.363400 ms)

========================================================================
Received Prepare
Registering precompiled user dll's ...
Registered in 0.001609 seconds.
Begin MonoManager ReloadAssembly
Native extension for WindowsStandalone target not found
Refreshing native plugins compatible for Editor in 0.60 ms, found 0 plugins.
Preloading 0 native plugins for Editor in 0.00 ms.
Invoked RoslynAnalysisRunner static constructor.
RoslynAnalysisRunner will not be running.
RoslynAnalysisRunner has terminated.
Mono: successfully reloaded assembly
- Completed reload, in  3.858 seconds
Platform modules already initialized, skipping
Refreshing native plugins compatible for Editor in 0.59 ms, found 0 plugins.
Preloading 0 native plugins for Editor in 0.00 ms.
Unloading 1090 Unused Serialized files (Serialized files now loaded: 0)
System memory in use before: 61.8 MB.
System memory in use after: 61.9 MB.

Unloading 5 unused Assets to reduce memory usage. Loaded Objects now: 1625.
Total: 4.496500 ms (FindLiveObjects: 0.470700 ms CreateObjectMapping: 0.136000 ms MarkObjects: 3.769700 ms  DeleteObjects: 0.116600 ms)

========================================================================
Received Prepare
Registering precompiled user dll's ...
Registered in 0.003320 seconds.
Begin MonoManager ReloadAssembly
Native extension for WindowsStandalone target not found
Refreshing native plugins compatible for Editor in 0.61 ms, found 0 plugins.
Preloading 0 native plugins for Editor in 0.00 ms.
Invoked RoslynAnalysisRunner static constructor.
RoslynAnalysisRunner will not be running.
RoslynAnalysisRunner has terminated.
Mono: successfully reloaded assembly
- Completed reload, in  4.727 seconds
Platform modules already initialized, skipping
Refreshing native plugins compatible for Editor in 0.72 ms, found 0 plugins.
Preloading 0 native plugins for Editor in 0.00 ms.
Unloading 1090 Unused Serialized files (Serialized files now loaded: 0)
System memory in use before: 61.8 MB.
System memory in use after: 61.9 MB.

Unloading 5 unused Assets to reduce memory usage. Loaded Objects now: 1627.
Total: 4.537600 ms (FindLiveObjects: 0.458200 ms CreateObjectMapping: 0.144600 ms MarkObjects: 3.816400 ms  DeleteObjects: 0.115800 ms)

========================================================================
Received Prepare
Registering precompiled user dll's ...
Registered in 0.002806 seconds.
Begin MonoManager ReloadAssembly
Native extension for WindowsStandalone target not found
Refreshing native plugins compatible for Editor in 0.73 ms, found 0 plugins.
Preloading 0 native plugins for Editor in 0.00 ms.
Invoked RoslynAnalysisRunner static constructor.
RoslynAnalysisRunner will not be running.
RoslynAnalysisRunner has terminated.
Mono: successfully reloaded assembly
- Completed reload, in  4.573 seconds
Platform modules already initialized, skipping
Refreshing native plugins compatible for Editor in 0.89 ms, found 0 plugins.
Preloading 0 native plugins for Editor in 0.00 ms.
Unloading 1090 Unused Serialized files (Serialized files now loaded: 0)
System memory in use before: 61.0 MB.
System memory in use after: 61.1 MB.

Unloading 5 unused Assets to reduce memory usage. Loaded Objects now: 1629.
Total: 5.145400 ms (FindLiveObjects: 0.492000 ms CreateObjectMapping: 0.115100 ms MarkObjects: 4.323800 ms  DeleteObjects: 0.210600 ms)

========================================================================
Received Import Request.
  Time since last request: 4044.352648 seconds.
  path: Assets/Animations/idle.anim
  artifactKey: Guid(b95533f33ed873044983a1ed42cc2c52) Importer(815301076,1909f56bfc062723c751e8b465ee728b)
Start importing Assets/Animations/idle.anim using Guid(b95533f33ed873044983a1ed42cc2c52) Importer(815301076,1909f56bfc062723c751e8b465ee728b)  -> (artifact id: '5e147d568b9b5cc5a0d947072250d2a3') in 0.460654 seconds
  Import took 0.468558 seconds .

========================================================================
Received Import Request.
  Time since last request: 741.967890 seconds.
  path: Assets/platformer-pack-redux-360-assets/PNG/Players/128x256/Blue/alienBlue_climb2.png
  artifactKey: Guid(319ec943d049bd54bb0faa6e8eb8a234) Importer(815301076,1909f56bfc062723c751e8b465ee728b)
Start importing Assets/platformer-pack-redux-360-assets/PNG/Players/128x256/Blue/alienBlue_climb2.png using Guid(319ec943d049bd54bb0faa6e8eb8a234) Importer(815301076,1909f56bfc062723c751e8b465ee728b)  -> (artifact id: '118329cdcc97a2f1295dd0130fbe0a17') in 0.889104 seconds
  Import took 0.904339 seconds .

========================================================================
Received Import Request.
  Time since last request: 0.002203 seconds.
  path: Assets/platformer-pack-redux-360-assets/PNG/Players/128x256/Blue/alienBlue_swim1.png
  artifactKey: Guid(efe53860490c37449a7eff9219b23846) Importer(815301076,1909f56bfc062723c751e8b465ee728b)
Start importing Assets/platformer-pack-redux-360-assets/PNG/Players/128x256/Blue/alienBlue_swim1.png using Guid(efe53860490c37449a7eff9219b23846) Importer(815301076,1909f56bfc062723c751e8b465ee728b)  -> (artifact id: '82cafffbc6523b21b67bedcd57cfff15') in 0.188784 seconds
  Import took 0.193175 seconds .

========================================================================
Received Import Request.
  Time since last request: 0.000539 seconds.
  path: Assets/platformer-pack-redux-360-assets/PNG/Players/128x256/Blue/alienBlue_swim2.png
  artifactKey: Guid(be6bdcd5fe42a1640a1cdcf2d4fdfd48) Importer(815301076,1909f56bfc062723c751e8b465ee728b)
Start importing Assets/platformer-pack-redux-360-assets/PNG/Players/128x256/Blue/alienBlue_swim2.png using Guid(be6bdcd5fe42a1640a1cdcf2d4fdfd48) Importer(815301076,1909f56bfc062723c751e8b465ee728b)  -> (artifact id: 'a41c15d1ba962c7ab3fbf075f84925a6') in 0.063056 seconds
  Import took 0.066849 seconds .

========================================================================
Received Import Request.
  Time since last request: 0.000501 seconds.
  path: Assets/platformer-pack-redux-360-assets/PNG/Players/128x256/Blue/alienBlue_walk2.png
  artifactKey: Guid(55e8c9972c300584d90090303e7ab3a7) Importer(815301076,1909f56bfc062723c751e8b465ee728b)
Start importing Assets/platformer-pack-redux-360-assets/PNG/Players/128x256/Blue/alienBlue_walk2.png using Guid(55e8c9972c300584d90090303e7ab3a7) Importer(815301076,1909f56bfc062723c751e8b465ee728b)  -> (artifact id: '301aeb967de994540127269e6a52bf98') in 0.118735 seconds
  Import took 0.126092 seconds .

========================================================================
Received Import Request.
  Time since last request: 0.000648 seconds.
  path: Assets/platformer-pack-redux-360-assets/PNG/Players/128x256/Blue/alienBlue_swim2.png
  artifactKey: Guid(be6bdcd5fe42a1640a1cdcf2d4fdfd48) Importer(815301076,1909f56bfc062723c751e8b465ee728b)
Start importing Assets/platformer-pack-redux-360-assets/PNG/Players/128x256/Blue/alienBlue_swim2.png using Guid(be6bdcd5fe42a1640a1cdcf2d4fdfd48) Importer(815301076,1909f56bfc062723c751e8b465ee728b)  -> (artifact id: 'a41c15d1ba962c7ab3fbf075f84925a6') in 0.127483 seconds
  Import took 0.132744 seconds .

========================================================================
Received Import Request.
  Time since last request: 0.000554 seconds.
  path: Assets/platformer-pack-redux-360-assets/PNG/Players/128x256/Blue/alienBlue_walk1.png
  artifactKey: Guid(f6bef2887bdad9f4e95b824afe26fffd) Importer(815301076,1909f56bfc062723c751e8b465ee728b)
Start importing Assets/platformer-pack-redux-360-assets/PNG/Players/128x256/Blue/alienBlue_walk1.png using Guid(f6bef2887bdad9f4e95b824afe26fffd) Importer(815301076,1909f56bfc062723c751e8b465ee728b)  -> (artifact id: 'ca936f92e3913b1af009064fea97c19a') in 0.061599 seconds
  Import took 0.065658 seconds .

========================================================================
Received Import Request.
  Time since last request: 18.713373 seconds.
  path: Assets/platformer-pack-redux-360-assets/PNG/Particles/brickBrown.png
  artifactKey: Guid(775baa5801e53804ab8e5c48bc4bdd68) Importer(815301076,1909f56bfc062723c751e8b465ee728b)
Start importing Assets/platformer-pack-redux-360-assets/PNG/Particles/brickBrown.png using Guid(775baa5801e53804ab8e5c48bc4bdd68) Importer(815301076,1909f56bfc062723c751e8b465ee728b)  -> (artifact id: '6f5cbaf659f538eaea4749b6e1b13125') in 0.511911 seconds
  Import took 0.524290 seconds .

========================================================================
Received Import Request.
  Time since last request: 0.000132 seconds.
  path: Assets/platformer-pack-redux-360-assets/PNG/Particles/fireball.png
  artifactKey: Guid(53ffff79b46888443ba54a1d2e2ccaa5) Importer(815301076,1909f56bfc062723c751e8b465ee728b)
Start importing Assets/platformer-pack-redux-360-assets/PNG/Particles/fireball.png using Guid(53ffff79b46888443ba54a1d2e2ccaa5) Importer(815301076,1909f56bfc062723c751e8b465ee728b)  -> (artifact id: 'f2abadba5cd4cb49513bd583d6bdf5d1') in 0.086189 seconds
  Import took 0.136665 seconds .

========================================================================
Received Import Request.
  Time since last request: 0.001207 seconds.
  path: Assets/platformer-pack-redux-360-assets/PNG/Particles/brickBrown.png
  artifactKey: Guid(775baa5801e53804ab8e5c48bc4bdd68) Importer(815301076,1909f56bfc062723c751e8b465ee728b)
Start importing Assets/platformer-pack-redux-360-assets/PNG/Particles/brickBrown.png using Guid(775baa5801e53804ab8e5c48bc4bdd68) Importer(815301076,1909f56bfc062723c751e8b465ee728b)  -> (artifact id: '6f5cbaf659f538eaea4749b6e1b13125') in 0.053185 seconds
  Import took 0.057692 seconds .

========================================================================
Received Import Request.
  Time since last request: 0.000476 seconds.
  path: Assets/platformer-pack-redux-360-assets/PNG/Particles/brickGrey.png
  artifactKey: Guid(ef8a5de52ba77ad4cb70151c9fe75d5d) Importer(815301076,1909f56bfc062723c751e8b465ee728b)
Start importing Assets/platformer-pack-redux-360-assets/PNG/Particles/brickGrey.png using Guid(ef8a5de52ba77ad4cb70151c9fe75d5d) Importer(815301076,1909f56bfc062723c751e8b465ee728b)  -> (artifact id: 'a0cee9bf96ce8d5c3a4f9508b04959e8') in 0.072072 seconds
  Import took 0.076833 seconds .

========================================================================
Received Import Request.
  Time since last request: 1.533081 seconds.
  path: Assets/platformer-pack-redux-360-assets/PNG/Players/Variable sizes
  artifactKey: Guid(038b8dcb242c351428bae15b48a1a955) Importer(815301076,1909f56bfc062723c751e8b465ee728b)
Start importing Assets/platformer-pack-redux-360-assets/PNG/Players/Variable sizes using Guid(038b8dcb242c351428bae15b48a1a955) Importer(815301076,1909f56bfc062723c751e8b465ee728b)  -> (artifact id: '3bf55bebf8ff871e0a2bc619f0091cba') in 0.036062 seconds
  Import took 0.041524 seconds .

========================================================================
Received Import Request.
  Time since last request: 0.563100 seconds.
  path: Assets/platformer-pack-redux-360-assets/PNG/Players/Variable sizes/Blue
  artifactKey: Guid(d1051ac73fe52fc4092fa673a3fd9255) Importer(815301076,1909f56bfc062723c751e8b465ee728b)
Start importing Assets/platformer-pack-redux-360-assets/PNG/Players/Variable sizes/Blue using Guid(d1051ac73fe52fc4092fa673a3fd9255) Importer(815301076,1909f56bfc062723c751e8b465ee728b)  -> (artifact id: 'c4c6bf2d0f10252baa4be14c160500d2') in 0.053229 seconds
  Import took 0.065158 seconds .

========================================================================
Received Import Request.
  Time since last request: 0.013329 seconds.
  path: Assets/platformer-pack-redux-360-assets/PNG/Players/Variable sizes/Blue/alienBlue_climb1.png
  artifactKey: Guid(32d913a53406ad1419c6f1f8400fd756) Importer(815301076,1909f56bfc062723c751e8b465ee728b)
Start importing Assets/platformer-pack-redux-360-assets/PNG/Players/Variable sizes/Blue/alienBlue_climb1.png using Guid(32d913a53406ad1419c6f1f8400fd756) Importer(815301076,1909f56bfc062723c751e8b465ee728b)  -> (artifact id: '1e912f16c178c5c3ff0dcf22f4b78749') in 0.156901 seconds
  Import took 0.170896 seconds .

========================================================================
Received Import Request.
  Time since last request: 0.000935 seconds.
  path: Assets/platformer-pack-redux-360-assets/PNG/Players/Variable sizes/Blue/alienBlue_hit.png
  artifactKey: Guid(deb5b9b4e658801429f1010e38a2fc26) Importer(815301076,1909f56bfc062723c751e8b465ee728b)
Start importing Assets/platformer-pack-redux-360-assets/PNG/Players/Variable sizes/Blue/alienBlue_hit.png using Guid(deb5b9b4e658801429f1010e38a2fc26) Importer(815301076,1909f56bfc062723c751e8b465ee728b)  -> (artifact id: '1b0e58e4c789d4e3ce00762440c26f4d') in 0.132253 seconds
  Import took 0.145034 seconds .

========================================================================
Received Import Request.
  Time since last request: 0.001062 seconds.
  path: Assets/platformer-pack-redux-360-assets/PNG/Players/Variable sizes/Blue/alienBlue_swim2.png
  artifactKey: Guid(04713e75b296c6c489b767a8b4b71412) Importer(815301076,1909f56bfc062723c751e8b465ee728b)
Start importing Assets/platformer-pack-redux-360-assets/PNG/Players/Variable sizes/Blue/alienBlue_swim2.png using Guid(04713e75b296c6c489b767a8b4b71412) Importer(815301076,1909f56bfc062723c751e8b465ee728b)  -> (artifact id: '06aea3276adbefc104449343ed9dc746') in 0.084222 seconds
  Import took 0.091992 seconds .

========================================================================
Received Import Request.
  Time since last request: 0.000562 seconds.
  path: Assets/platformer-pack-redux-360-assets/PNG/Players/Variable sizes/Blue/alienBlue_duck.png
  artifactKey: Guid(917ed9f02841b48488109f4eedc2cd4e) Importer(815301076,1909f56bfc062723c751e8b465ee728b)
Start importing Assets/platformer-pack-redux-360-assets/PNG/Players/Variable sizes/Blue/alienBlue_duck.png using Guid(917ed9f02841b48488109f4eedc2cd4e) Importer(815301076,1909f56bfc062723c751e8b465ee728b)  -> (artifact id: '81de73da2c3a5cc22e80ffc244f91d82') in 0.060325 seconds
  Import took 0.066581 seconds .

========================================================================
Received Import Request.
  Time since last request: 0.000443 seconds.
  path: Assets/platformer-pack-redux-360-assets/PNG/Players/Variable sizes/Blue/alienBlue_walk2.png
  artifactKey: Guid(1c61bc6bb3bfac245957066a655c3e13) Importer(815301076,1909f56bfc062723c751e8b465ee728b)
Start importing Assets/platformer-pack-redux-360-assets/PNG/Players/Variable sizes/Blue/alienBlue_walk2.png using Guid(1c61bc6bb3bfac245957066a655c3e13) Importer(815301076,1909f56bfc062723c751e8b465ee728b)  -> (artifact id: 'c61a7cbf4c17c775cd47c3e6a0a82325') in 0.053480 seconds
  Import took 0.058997 seconds .

========================================================================
Received Import Request.
  Time since last request: 0.000466 seconds.
  path: Assets/platformer-pack-redux-360-assets/PNG/Players/Variable sizes/Blue/alienBlue_swim1.png
  artifactKey: Guid(f6d8be9fb1a270044bba69a1ac4dd399) Importer(815301076,1909f56bfc062723c751e8b465ee728b)
Start importing Assets/platformer-pack-redux-360-assets/PNG/Players/Variable sizes/Blue/alienBlue_swim1.png using Guid(f6d8be9fb1a270044bba69a1ac4dd399) Importer(815301076,1909f56bfc062723c751e8b465ee728b)  -> (artifact id: '80f8c06b741a3d3c4c0dd9969c5c22a4') in 0.322139 seconds
  Import took 0.327093 seconds .

========================================================================
Received Import Request.
  Time since last request: 0.000115 seconds.
  path: Assets/platformer-pack-redux-360-assets/PNG/Players/Variable sizes/Blue/alienBlue_stand.png
  artifactKey: Guid(401fd0c2b2a14d743910d20b947bcd16) Importer(815301076,1909f56bfc062723c751e8b465ee728b)
Start importing Assets/platformer-pack-redux-360-assets/PNG/Players/Variable sizes/Blue/alienBlue_stand.png using Guid(401fd0c2b2a14d743910d20b947bcd16) Importer(815301076,1909f56bfc062723c751e8b465ee728b)  -> (artifact id: '0d2698bd0b593154b73f23ec20f395ee') in 0.050096 seconds
  Import took 0.132234 seconds .

========================================================================
Received Import Request.
  Time since last request: 0.000501 seconds.
  path: Assets/platformer-pack-redux-360-assets/PNG/Players/Variable sizes/Blue/alienBlue_front.png
  artifactKey: Guid(375cd2f3b93dc5f43ae2d7b4041a04df) Importer(815301076,1909f56bfc062723c751e8b465ee728b)
Start importing Assets/platformer-pack-redux-360-assets/PNG/Players/Variable sizes/Blue/alienBlue_front.png using Guid(375cd2f3b93dc5f43ae2d7b4041a04df) Importer(815301076,1909f56bfc062723c751e8b465ee728b)  -> (artifact id: '3a747c7c55a5b1b6f9ef62c9bcb7de07') in 0.107263 seconds
  Import took 0.111174 seconds .

========================================================================
Received Import Request.
  Time since last request: 0.000987 seconds.
  path: Assets/platformer-pack-redux-360-assets/PNG/Players/Variable sizes/Blue/alienBlue_walk1.png
  artifactKey: Guid(dc25eee1b47d9ff4698a2c6b1849ea08) Importer(815301076,1909f56bfc062723c751e8b465ee728b)
Start importing Assets/platformer-pack-redux-360-assets/PNG/Players/Variable sizes/Blue/alienBlue_walk1.png using Guid(dc25eee1b47d9ff4698a2c6b1849ea08) Importer(815301076,1909f56bfc062723c751e8b465ee728b)  -> (artifact id: 'dfb5f5497c2b4424a7faac117f3e081f') in 0.053712 seconds
  Import took 0.058021 seconds .

========================================================================
Received Import Request.
  Time since last request: 0.000483 seconds.
  path: Assets/platformer-pack-redux-360-assets/PNG/Players/Variable sizes/Blue/alienBlue_jump.png
  artifactKey: Guid(e7afb40a56429654cb7097b2d524df4f) Importer(815301076,1909f56bfc062723c751e8b465ee728b)
Start importing Assets/platformer-pack-redux-360-assets/PNG/Players/Variable sizes/Blue/alienBlue_jump.png using Guid(e7afb40a56429654cb7097b2d524df4f) Importer(815301076,1909f56bfc062723c751e8b465ee728b)  -> (artifact id: 'f671dad0428f296dd3400a5507208677') in 0.064189 seconds
  Import took 0.067694 seconds .

========================================================================
Received Import Request.
  Time since last request: 0.000633 seconds.
  path: Assets/platformer-pack-redux-360-assets/PNG/Players/Variable sizes/Blue/alienBlue_climb2.png
  artifactKey: Guid(0d6923d7a29f75d4ebf08c85886eb977) Importer(815301076,1909f56bfc062723c751e8b465ee728b)
Start importing Assets/platformer-pack-redux-360-assets/PNG/Players/Variable sizes/Blue/alienBlue_climb2.png using Guid(0d6923d7a29f75d4ebf08c85886eb977) Importer(815301076,1909f56bfc062723c751e8b465ee728b)  -> (artifact id: '185783801da3db63426dbc8d50a47fb5') in 0.050055 seconds
  Import took 0.053661 seconds .

========================================================================
Received Import Request.
  Time since last request: 2.078821 seconds.
  path: Assets/platformer-pack-redux-360-assets/PNG/Players/128x256/Yellow/alienYellow_climb1.png
  artifactKey: Guid(6a717f7fa55ebe64e8606643571dd60c) Importer(815301076,1909f56bfc062723c751e8b465ee728b)
Start importing Assets/platformer-pack-redux-360-assets/PNG/Players/128x256/Yellow/alienYellow_climb1.png using Guid(6a717f7fa55ebe64e8606643571dd60c) Importer(815301076,1909f56bfc062723c751e8b465ee728b)  -> (artifact id: 'cc5cb11be8e2895909b720c27eb76734') in 0.116059 seconds
  Import took 0.128937 seconds .

========================================================================
Received Import Request.
  Time since last request: 0.001173 seconds.
  path: Assets/platformer-pack-redux-360-assets/PNG/Players/128x256/Yellow/alienYellow_walk2.png
  artifactKey: Guid(573e87045edc69e4f8ffcaa25a8242f4) Importer(815301076,1909f56bfc062723c751e8b465ee728b)
Start importing Assets/platformer-pack-redux-360-assets/PNG/Players/128x256/Yellow/alienYellow_walk2.png using Guid(573e87045edc69e4f8ffcaa25a8242f4) Importer(815301076,1909f56bfc062723c751e8b465ee728b)  -> (artifact id: 'f8c5bde4688291884d97a6e69fb095dc') in 0.149350 seconds
  Import took 0.159093 seconds .

========================================================================
Received Import Request.
  Time since last request: 0.001032 seconds.
  path: Assets/platformer-pack-redux-360-assets/PNG/Players/128x256/Yellow/alienYellow_swim2.png
  artifactKey: Guid(8ce5acd62d8100c409a0f418a749dd5e) Importer(815301076,1909f56bfc062723c751e8b465ee728b)
Start importing Assets/platformer-pack-redux-360-assets/PNG/Players/128x256/Yellow/alienYellow_swim2.png using Guid(8ce5acd62d8100c409a0f418a749dd5e) Importer(815301076,1909f56bfc062723c751e8b465ee728b)  -> (artifact id: 'e067aaeddb129cbf352737cf7b8630ca') in 0.099701 seconds
  Import took 0.106610 seconds .

========================================================================
Received Import Request.
  Time since last request: 0.000634 seconds.
  path: Assets/platformer-pack-redux-360-assets/PNG/Players/128x256/Yellow/alienYellow_swim1.png
  artifactKey: Guid(913d870fced7d634d893b76a6e2bc96c) Importer(815301076,1909f56bfc062723c751e8b465ee728b)
Start importing Assets/platformer-pack-redux-360-assets/PNG/Players/128x256/Yellow/alienYellow_swim1.png using Guid(913d870fced7d634d893b76a6e2bc96c) Importer(815301076,1909f56bfc062723c751e8b465ee728b)  -> (artifact id: '5c02b0c66e761a4540d9e43c423c35e3') in 0.127348 seconds
  Import took 0.132408 seconds .

========================================================================
Received Import Request.
  Time since last request: 0.000297 seconds.
  path: Assets/platformer-pack-redux-360-assets/PNG/Players/128x256/Yellow/alienYellow_walk1.png
  artifactKey: Guid(64e5d2f1abaedc845adaadf1e392d5c6) Importer(815301076,1909f56bfc062723c751e8b465ee728b)
Start importing Assets/platformer-pack-redux-360-assets/PNG/Players/128x256/Yellow/alienYellow_walk1.png using Guid(64e5d2f1abaedc845adaadf1e392d5c6) Importer(815301076,1909f56bfc062723c751e8b465ee728b)  -> (artifact id: '285c365f5977f7f423f3edc023eda796') in 0.328781 seconds
  Import took 0.335776 seconds .

========================================================================
Received Import Request.
  Time since last request: 0.000118 seconds.
  path: Assets/platformer-pack-redux-360-assets/PNG/Players/128x256/Yellow/alienYellow_climb2.png
  artifactKey: Guid(ca817e6dd9eb294429dc1cc534cb285d) Importer(815301076,1909f56bfc062723c751e8b465ee728b)
Start importing Assets/platformer-pack-redux-360-assets/PNG/Players/128x256/Yellow/alienYellow_climb2.png using Guid(ca817e6dd9eb294429dc1cc534cb285d) Importer(815301076,1909f56bfc062723c751e8b465ee728b)  -> (artifact id: '0a18ac14012a5c5dab092908076b4fc6') in 0.114981 seconds
  Import took 0.176842 seconds .

========================================================================
Received Import Request.
  Time since last request: 0.000614 seconds.
  path: Assets/platformer-pack-redux-360-assets/PNG/Players/128x256/Yellow/alienYellow_front.png
  artifactKey: Guid(578c93a730e89dc4caf71e4beabee96d) Importer(815301076,1909f56bfc062723c751e8b465ee728b)
Start importing Assets/platformer-pack-redux-360-assets/PNG/Players/128x256/Yellow/alienYellow_front.png using Guid(578c93a730e89dc4caf71e4beabee96d) Importer(815301076,1909f56bfc062723c751e8b465ee728b)  -> (artifact id: 'c0cd9fd6a8606460cc343943e0d704b4') in 0.059424 seconds
  Import took 0.064452 seconds .

========================================================================
Received Import Request.
  Time since last request: 0.000447 seconds.
  path: Assets/platformer-pack-redux-360-assets/PNG/Players/128x256/Yellow/alienYellow_climb2.png
  artifactKey: Guid(ca817e6dd9eb294429dc1cc534cb285d) Importer(815301076,1909f56bfc062723c751e8b465ee728b)
Start importing Assets/platformer-pack-redux-360-assets/PNG/Players/128x256/Yellow/alienYellow_climb2.png using Guid(ca817e6dd9eb294429dc1cc534cb285d) Importer(815301076,1909f56bfc062723c751e8b465ee728b)  -> (artifact id: '0a18ac14012a5c5dab092908076b4fc6') in 0.029560 seconds
  Import took 0.034116 seconds .

========================================================================
Received Import Request.
  Time since last request: 0.000106 seconds.
  path: Assets/platformer-pack-redux-360-assets/PNG/Players/128x256/Yellow/alienYellow_stand.png
  artifactKey: Guid(9a61a00a0cc595649b3e0fef180822f6) Importer(815301076,1909f56bfc062723c751e8b465ee728b)
Start importing Assets/platformer-pack-redux-360-assets/PNG/Players/128x256/Yellow/alienYellow_stand.png using Guid(9a61a00a0cc595649b3e0fef180822f6) Importer(815301076,1909f56bfc062723c751e8b465ee728b)  -> (artifact id: '0306d502dfdc2622347b6e1344b9e5f4') in 0.075253 seconds
  Import took 0.079472 seconds .

========================================================================
Received Import Request.
  Time since last request: 0.000475 seconds.
  path: Assets/platformer-pack-redux-360-assets/PNG/Players/128x256/Yellow/alienYellow_jump.png
  artifactKey: Guid(4da81561a26c415479e301191a89b504) Importer(815301076,1909f56bfc062723c751e8b465ee728b)
Start importing Assets/platformer-pack-redux-360-assets/PNG/Players/128x256/Yellow/alienYellow_jump.png using Guid(4da81561a26c415479e301191a89b504) Importer(815301076,1909f56bfc062723c751e8b465ee728b)  -> (artifact id: '6cd2a60588b9ba7264f138d044fa90ea') in 0.075149 seconds
  Import took 0.079639 seconds .

========================================================================
Received Import Request.
  Time since last request: 0.001158 seconds.
  path: Assets/platformer-pack-redux-360-assets/PNG/Players/128x256/Yellow/alienYellow_duck.png
  artifactKey: Guid(803193e1fec179140aa89e05e940cd86) Importer(815301076,1909f56bfc062723c751e8b465ee728b)
Start importing Assets/platformer-pack-redux-360-assets/PNG/Players/128x256/Yellow/alienYellow_duck.png using Guid(803193e1fec179140aa89e05e940cd86) Importer(815301076,1909f56bfc062723c751e8b465ee728b)  -> (artifact id: '6d7cc512a0c093bcee5d79128aa678ff') in 0.058143 seconds
  Import took 0.063252 seconds .

========================================================================
Received Import Request.
  Time since last request: 0.000469 seconds.
  path: Assets/platformer-pack-redux-360-assets/PNG/Players/128x256/Yellow/alienYellow_hit.png
  artifactKey: Guid(58916e11f2430474091c721549002283) Importer(815301076,1909f56bfc062723c751e8b465ee728b)
Start importing Assets/platformer-pack-redux-360-assets/PNG/Players/128x256/Yellow/alienYellow_hit.png using Guid(58916e11f2430474091c721549002283) Importer(815301076,1909f56bfc062723c751e8b465ee728b)  -> (artifact id: '04885cc6d70084e81c989937569ff7e5') in 0.058189 seconds
  Import took 0.062175 seconds .

========================================================================
Received Import Request.
  Time since last request: 0.000220 seconds.
  path: Assets/platformer-pack-redux-360-assets/PNG/Players/128x256/Yellow/alienYellow_duck.png
  artifactKey: Guid(803193e1fec179140aa89e05e940cd86) Importer(815301076,1909f56bfc062723c751e8b465ee728b)
Start importing Assets/platformer-pack-redux-360-assets/PNG/Players/128x256/Yellow/alienYellow_duck.png using Guid(803193e1fec179140aa89e05e940cd86) Importer(815301076,1909f56bfc062723c751e8b465ee728b)  -> (artifact id: '6d7cc512a0c093bcee5d79128aa678ff') in 0.066828 seconds
  Import took 0.071627 seconds .

========================================================================
Received Prepare
Registering precompiled user dll's ...
Registered in 0.002662 seconds.
Begin MonoManager ReloadAssembly
Native extension for WindowsStandalone target not found
Refreshing native plugins compatible for Editor in 0.55 ms, found 0 plugins.
Preloading 0 native plugins for Editor in 0.00 ms.
Invoked RoslynAnalysisRunner static constructor.
RoslynAnalysisRunner will not be running.
RoslynAnalysisRunner has terminated.
Mono: successfully reloaded assembly
- Completed reload, in  8.528 seconds
Platform modules already initialized, skipping
Refreshing native plugins compatible for Editor in 1.31 ms, found 0 plugins.
Preloading 0 native plugins for Editor in 0.00 ms.
Unloading 1090 Unused Serialized files (Serialized files now loaded: 0)
System memory in use before: 61.1 MB.
System memory in use after: 61.2 MB.

Unloading 5 unused Assets to reduce memory usage. Loaded Objects now: 1648.
Total: 19.486500 ms (FindLiveObjects: 2.206700 ms CreateObjectMapping: 0.175400 ms MarkObjects: 16.911500 ms  DeleteObjects: 0.189000 ms)

========================================================================
Received Import Request.
  Time since last request: 1956.829390 seconds.
  path: Assets/Animations/Player.controller
  artifactKey: Guid(51a7b27080ca46e449e303c91a1975dc) Importer(815301076,1909f56bfc062723c751e8b465ee728b)
Start importing Assets/Animations/Player.controller using Guid(51a7b27080ca46e449e303c91a1975dc) Importer(815301076,1909f56bfc062723c751e8b465ee728b)  -> (artifact id: 'f5ab5592b5e3a639cd0df20580c79ddc') in 0.155294 seconds
  Import took 0.170649 seconds .

========================================================================
Received Import Request.
  Time since last request: 110.375973 seconds.
  path: Assets/Scripts/Player.cs
  artifactKey: Guid(26d055638e8ae9e40b7a29f4261b95d6) Importer(815301076,1909f56bfc062723c751e8b465ee728b)
Start importing Assets/Scripts/Player.cs using Guid(26d055638e8ae9e40b7a29f4261b95d6) Importer(815301076,1909f56bfc062723c751e8b465ee728b)  -> (artifact id: '310ca85e938fafae2d3d5b3381778ec6') in 0.069705 seconds
  Import took 0.085935 seconds .

========================================================================
Received Prepare
Registering precompiled user dll's ...
Registered in 0.001683 seconds.
Begin MonoManager ReloadAssembly
Native extension for WindowsStandalone target not found
Refreshing native plugins compatible for Editor in 1.25 ms, found 0 plugins.
Preloading 0 native plugins for Editor in 0.00 ms.
Invoked RoslynAnalysisRunner static constructor.
RoslynAnalysisRunner will not be running.
RoslynAnalysisRunner has terminated.
Mono: successfully reloaded assembly
- Completed reload, in  4.796 seconds
Platform modules already initialized, skipping
Refreshing native plugins compatible for Editor in 1.47 ms, found 0 plugins.
Preloading 0 native plugins for Editor in 0.00 ms.
Unloading 1090 Unused Serialized files (Serialized files now loaded: 0)
System memory in use before: 61.2 MB.
System memory in use after: 61.3 MB.

Unloading 5 unused Assets to reduce memory usage. Loaded Objects now: 1650.
Total: 9.509100 ms (FindLiveObjects: 0.817400 ms CreateObjectMapping: 0.273700 ms MarkObjects: 7.983400 ms  DeleteObjects: 0.428000 ms)

========================================================================
Received Import Request.
  Time since last request: 316.147910 seconds.
  path: Assets/Scripts/Player.cs
  artifactKey: Guid(26d055638e8ae9e40b7a29f4261b95d6) Importer(815301076,1909f56bfc062723c751e8b465ee728b)
Start importing Assets/Scripts/Player.cs using Guid(26d055638e8ae9e40b7a29f4261b95d6) Importer(815301076,1909f56bfc062723c751e8b465ee728b)  -> (artifact id: '3a1cf23e9aa6a2a6f4f54f888e17af45') in 0.043965 seconds
  Import took 0.054452 seconds .

========================================================================
Received Prepare
Registering precompiled user dll's ...
Registered in 0.001736 seconds.
Begin MonoManager ReloadAssembly
Native extension for WindowsStandalone target not found
Refreshing native plugins compatible for Editor in 0.53 ms, found 0 plugins.
Preloading 0 native plugins for Editor in 0.00 ms.
Invoked RoslynAnalysisRunner static constructor.
RoslynAnalysisRunner will not be running.
RoslynAnalysisRunner has terminated.
Mono: successfully reloaded assembly
- Completed reload, in  2.641 seconds
Platform modules already initialized, skipping
Refreshing native plugins compatible for Editor in 0.48 ms, found 0 plugins.
Preloading 0 native plugins for Editor in 0.00 ms.
Unloading 1090 Unused Serialized files (Serialized files now loaded: 0)
System memory in use before: 61.3 MB.
System memory in use after: 61.4 MB.

Unloading 5 unused Assets to reduce memory usage. Loaded Objects now: 1652.
Total: 4.401700 ms (FindLiveObjects: 0.394400 ms CreateObjectMapping: 0.084900 ms MarkObjects: 3.819500 ms  DeleteObjects: 0.100400 ms)

========================================================================
Received Import Request.
  Time since last request: 149.897972 seconds.
  path: Assets/Scripts/Player.cs
  artifactKey: Guid(26d055638e8ae9e40b7a29f4261b95d6) Importer(815301076,1909f56bfc062723c751e8b465ee728b)
Start importing Assets/Scripts/Player.cs using Guid(26d055638e8ae9e40b7a29f4261b95d6) Importer(815301076,1909f56bfc062723c751e8b465ee728b)  -> (artifact id: 'bf4b2fc51fc9c390da2d1b2615555049') in 0.014795 seconds
  Import took 0.018349 seconds .

========================================================================
Received Prepare
Registering precompiled user dll's ...
Registered in 0.001496 seconds.
Begin MonoManager ReloadAssembly
Native extension for WindowsStandalone target not found
Refreshing native plugins compatible for Editor in 1.22 ms, found 0 plugins.
Preloading 0 native plugins for Editor in 0.00 ms.
Invoked RoslynAnalysisRunner static constructor.
RoslynAnalysisRunner will not be running.
RoslynAnalysisRunner has terminated.
Mono: successfully reloaded assembly
- Completed reload, in  5.298 seconds
Platform modules already initialized, skipping
Refreshing native plugins compatible for Editor in 2.14 ms, found 0 plugins.
Preloading 0 native plugins for Editor in 0.00 ms.
Unloading 1090 Unused Serialized files (Serialized files now loaded: 0)
System memory in use before: 61.4 MB.
System memory in use after: 61.5 MB.

Unloading 5 unused Assets to reduce memory usage. Loaded Objects now: 1654.
Total: 9.442100 ms (FindLiveObjects: 0.809900 ms CreateObjectMapping: 0.315600 ms MarkObjects: 8.079200 ms  DeleteObjects: 0.230800 ms)

========================================================================
Received Prepare
Registering precompiled user dll's ...
Registered in 0.001912 seconds.
Begin MonoManager ReloadAssembly
Native extension for WindowsStandalone target not found
Refreshing native plugins compatible for Editor in 1.26 ms, found 0 plugins.
Preloading 0 native plugins for Editor in 0.00 ms.
Invoked RoslynAnalysisRunner static constructor.
RoslynAnalysisRunner will not be running.
RoslynAnalysisRunner has terminated.
Mono: successfully reloaded assembly
- Completed reload, in  4.936 seconds
Platform modules already initialized, skipping
Refreshing native plugins compatible for Editor in 1.20 ms, found 0 plugins.
Preloading 0 native plugins for Editor in 0.00 ms.
Unloading 1090 Unused Serialized files (Serialized files now loaded: 0)
System memory in use before: 61.5 MB.
System memory in use after: 61.6 MB.

Unloading 5 unused Assets to reduce memory usage. Loaded Objects now: 1656.
Total: 11.922400 ms (FindLiveObjects: 1.179800 ms CreateObjectMapping: 0.312500 ms MarkObjects: 10.148100 ms  DeleteObjects: 0.274800 ms)

========================================================================
Received Prepare
Registering precompiled user dll's ...
Registered in 0.002580 seconds.
Begin MonoManager ReloadAssembly
Native extension for WindowsStandalone target not found
Refreshing native plugins compatible for Editor in 0.61 ms, found 0 plugins.
Preloading 0 native plugins for Editor in 0.00 ms.
Invoked RoslynAnalysisRunner static constructor.
RoslynAnalysisRunner will not be running.
RoslynAnalysisRunner has terminated.
Mono: successfully reloaded assembly
- Completed reload, in  4.611 seconds
Platform modules already initialized, skipping
Refreshing native plugins compatible for Editor in 0.61 ms, found 0 plugins.
Preloading 0 native plugins for Editor in 0.00 ms.
Unloading 1090 Unused Serialized files (Serialized files now loaded: 0)
System memory in use before: 61.6 MB.
System memory in use after: 61.7 MB.

Unloading 5 unused Assets to reduce memory usage. Loaded Objects now: 1658.
Total: 5.828200 ms (FindLiveObjects: 0.494900 ms CreateObjectMapping: 0.132300 ms MarkObjects: 5.055600 ms  DeleteObjects: 0.141800 ms)

========================================================================
Received Prepare
Registering precompiled user dll's ...
Registered in 0.001500 seconds.
Begin MonoManager ReloadAssembly
Native extension for WindowsStandalone target not found
Refreshing native plugins compatible for Editor in 0.60 ms, found 0 plugins.
Preloading 0 native plugins for Editor in 0.00 ms.
Invoked RoslynAnalysisRunner static constructor.
RoslynAnalysisRunner will not be running.
RoslynAnalysisRunner has terminated.
Mono: successfully reloaded assembly
- Completed reload, in  3.592 seconds
Platform modules already initialized, skipping
Refreshing native plugins compatible for Editor in 0.54 ms, found 0 plugins.
Preloading 0 native plugins for Editor in 0.00 ms.
Unloading 1090 Unused Serialized files (Serialized files now loaded: 0)
System memory in use before: 61.7 MB.
System memory in use after: 61.8 MB.

Unloading 5 unused Assets to reduce memory usage. Loaded Objects now: 1660.
Total: 4.972900 ms (FindLiveObjects: 0.543800 ms CreateObjectMapping: 0.114300 ms MarkObjects: 4.159600 ms  DeleteObjects: 0.151100 ms)

========================================================================
Received Prepare
Registering precompiled user dll's ...
Registered in 0.002803 seconds.
Begin MonoManager ReloadAssembly
Native extension for WindowsStandalone target not found
Refreshing native plugins compatible for Editor in 0.76 ms, found 0 plugins.
Preloading 0 native plugins for Editor in 0.00 ms.
Invoked RoslynAnalysisRunner static constructor.
RoslynAnalysisRunner will not be running.
RoslynAnalysisRunner has terminated.
Mono: successfully reloaded assembly
- Completed reload, in  4.134 seconds
Platform modules already initialized, skipping
Refreshing native plugins compatible for Editor in 0.49 ms, found 0 plugins.
Preloading 0 native plugins for Editor in 0.00 ms.
Unloading 1090 Unused Serialized files (Serialized files now loaded: 0)
System memory in use before: 61.8 MB.
System memory in use after: 61.9 MB.

Unloading 5 unused Assets to reduce memory usage. Loaded Objects now: 1662.
Total: 6.251800 ms (FindLiveObjects: 0.417900 ms CreateObjectMapping: 0.103700 ms MarkObjects: 5.618600 ms  DeleteObjects: 0.108300 ms)

========================================================================
Received Prepare
Registering precompiled user dll's ...
Registered in 0.001572 seconds.
Begin MonoManager ReloadAssembly
Native extension for WindowsStandalone target not found
Refreshing native plugins compatible for Editor in 1.71 ms, found 0 plugins.
Preloading 0 native plugins for Editor in 0.00 ms.
Invoked RoslynAnalysisRunner static constructor.
RoslynAnalysisRunner will not be running.
RoslynAnalysisRunner has terminated.
Mono: successfully reloaded assembly
- Completed reload, in  4.388 seconds
Platform modules already initialized, skipping
Refreshing native plugins compatible for Editor in 0.63 ms, found 0 plugins.
Preloading 0 native plugins for Editor in 0.00 ms.
Unloading 1090 Unused Serialized files (Serialized files now loaded: 0)
System memory in use before: 61.9 MB.
System memory in use after: 62.0 MB.

Unloading 5 unused Assets to reduce memory usage. Loaded Objects now: 1664.
Total: 4.953900 ms (FindLiveObjects: 0.455900 ms CreateObjectMapping: 0.115600 ms MarkObjects: 4.213500 ms  DeleteObjects: 0.165800 ms)

========================================================================
Received Prepare
Registering precompiled user dll's ...
Registered in 0.002437 seconds.
Begin MonoManager ReloadAssembly
Native extension for WindowsStandalone target not found
Refreshing native plugins compatible for Editor in 0.81 ms, found 0 plugins.
Preloading 0 native plugins for Editor in 0.00 ms.
Invoked RoslynAnalysisRunner static constructor.
RoslynAnalysisRunner will not be running.
RoslynAnalysisRunner has terminated.
Mono: successfully reloaded assembly
- Completed reload, in  2.585 seconds
Platform modules already initialized, skipping
Refreshing native plugins compatible for Editor in 1.98 ms, found 0 plugins.
Preloading 0 native plugins for Editor in 0.00 ms.
Unloading 1090 Unused Serialized files (Serialized files now loaded: 0)
System memory in use before: 61.0 MB.
System memory in use after: 61.1 MB.

Unloading 5 unused Assets to reduce memory usage. Loaded Objects now: 1666.
Total: 5.866300 ms (FindLiveObjects: 0.465200 ms CreateObjectMapping: 0.097400 ms MarkObjects: 5.188800 ms  DeleteObjects: 0.110800 ms)
<<<<<<< Updated upstream
<<<<<<< Updated upstream
<<<<<<< Updated upstream
>>>>>>> Stashed changes
=======
>>>>>>> Stashed changes
=======
>>>>>>> Stashed changes
=======
>>>>>>> Stashed changes

AssetImportWorkerClient::OnTransportError - code=2 error=End of file
